  [1m[35m (9.4ms)[0m  [1m[34mSELECT sqlite_version(*)[0m
  [1m[35m (10.4ms)[0m  [1m[35mCREATE TABLE "schema_migrations" ("version" varchar NOT NULL PRIMARY KEY)[0m
  [1m[35m (10.8ms)[0m  [1m[35mCREATE TABLE "ar_internal_metadata" ("key" varchar NOT NULL PRIMARY KEY, "value" varchar, "created_at" datetime(6) NOT NULL, "updated_at" datetime(6) NOT NULL)[0m
  [1m[35m (0.4ms)[0m  [1m[34mSELECT "schema_migrations"."version" FROM "schema_migrations" ORDER BY "schema_migrations"."version" ASC[0m
Migrating to CreateOwners (20210626134123)
  [1m[36mTRANSACTION (0.2ms)[0m  [1m[36mbegin transaction[0m
  [1m[35m (0.9ms)[0m  [1m[35mCREATE TABLE "owners" ("id" integer PRIMARY KEY AUTOINCREMENT NOT NULL, "uid" varchar, "name" varchar, "email" varchar, "created_at" datetime(6) NOT NULL, "updated_at" datetime(6) NOT NULL)[0m
  [1m[36mActiveRecord::SchemaMigration Create (0.5ms)[0m  [1m[32mINSERT INTO "schema_migrations" ("version") VALUES (?)[0m  [["version", "20210626134123"]]
  [1m[36mTRANSACTION (11.0ms)[0m  [1m[36mcommit transaction[0m
Migrating to CreateClinics (20210626134213)
  [1m[36mTRANSACTION (0.2ms)[0m  [1m[36mbegin transaction[0m
  [1m[35m (1.7ms)[0m  [1m[35mCREATE TABLE "clinics" ("id" integer PRIMARY KEY AUTOINCREMENT NOT NULL, "name" varchar, "addr" varchar, "created_at" datetime(6) NOT NULL, "updated_at" datetime(6) NOT NULL)[0m
  [1m[36mActiveRecord::SchemaMigration Create (0.6ms)[0m  [1m[32mINSERT INTO "schema_migrations" ("version") VALUES (?)[0m  [["version", "20210626134213"]]
  [1m[36mTRANSACTION (14.4ms)[0m  [1m[36mcommit transaction[0m
Migrating to CreatePets (20210626134621)
  [1m[36mTRANSACTION (0.1ms)[0m  [1m[36mbegin transaction[0m
  [1m[35m (1.6ms)[0m  [1m[35mCREATE TABLE "pets" ("id" integer PRIMARY KEY AUTOINCREMENT NOT NULL, "name" varchar, "breed" varchar, "desc" varchar, "owner_id" integer NOT NULL, "clinic_id" integer NOT NULL, "created_at" datetime(6) NOT NULL, "updated_at" datetime(6) NOT NULL, CONSTRAINT "fk_rails_1ff5d16ccb"
FOREIGN KEY ("owner_id")
  REFERENCES "owners" ("id")
, CONSTRAINT "fk_rails_17fce83604"
FOREIGN KEY ("clinic_id")
  REFERENCES "clinics" ("id")
)[0m
  [1m[35m (0.5ms)[0m  [1m[35mCREATE INDEX "index_pets_on_owner_id" ON "pets" ("owner_id")[0m
  [1m[35m (0.5ms)[0m  [1m[35mCREATE INDEX "index_pets_on_clinic_id" ON "pets" ("clinic_id")[0m
  [1m[36mActiveRecord::SchemaMigration Create (1.1ms)[0m  [1m[32mINSERT INTO "schema_migrations" ("version") VALUES (?)[0m  [["version", "20210626134621"]]
  [1m[36mTRANSACTION (27.5ms)[0m  [1m[36mcommit transaction[0m
  [1m[36mActiveRecord::InternalMetadata Load (0.5ms)[0m  [1m[34mSELECT "ar_internal_metadata".* FROM "ar_internal_metadata" WHERE "ar_internal_metadata"."key" = ? LIMIT ?[0m  [["key", "environment"], ["LIMIT", 1]]
  [1m[36mTRANSACTION (0.1ms)[0m  [1m[36mbegin transaction[0m
  [1m[36mActiveRecord::InternalMetadata Create (3.7ms)[0m  [1m[32mINSERT INTO "ar_internal_metadata" ("key", "value", "created_at", "updated_at") VALUES (?, ?, ?, ?)[0m  [["key", "environment"], ["value", "development"], ["created_at", "2021-06-26 13:48:52.905707"], ["updated_at", "2021-06-26 13:48:52.905707"]]
  [1m[36mTRANSACTION (12.1ms)[0m  [1m[36mcommit transaction[0m
  [1m[35m (0.3ms)[0m  [1m[34mSELECT sqlite_version(*)[0m
  [1m[35m (0.4ms)[0m  [1m[34mSELECT "schema_migrations"."version" FROM "schema_migrations" ORDER BY "schema_migrations"."version" ASC[0m
  [1m[35m (1.3ms)[0m  [1m[34mSELECT sqlite_version(*)[0m
  [1m[35m (0.4ms)[0m  [1m[34mSELECT "schema_migrations"."version" FROM "schema_migrations" ORDER BY "schema_migrations"."version" ASC[0m
  [1m[35m (0.8ms)[0m  [1m[34mSELECT sqlite_version(*)[0m
  [1m[35m (0.2ms)[0m  [1m[34mSELECT "schema_migrations"."version" FROM "schema_migrations" ORDER BY "schema_migrations"."version" ASC[0m
  [1m[35m (0.2ms)[0m  [1m[34mSELECT sqlite_version(*)[0m
  [1m[36mTRANSACTION (0.3ms)[0m  [1m[36mbegin transaction[0m
  [1m[36mClinic Create (2.5ms)[0m  [1m[32mINSERT INTO "clinics" ("name", "addr", "created_at", "updated_at") VALUES (?, ?, ?, ?)[0m  [["name", "Best clinic"], ["addr", "Baker Street"], ["created_at", "2021-06-26 13:49:23.259032"], ["updated_at", "2021-06-26 13:49:23.259032"]]
  [1m[36mTRANSACTION (10.0ms)[0m  [1m[36mcommit transaction[0m
  [1m[36mTRANSACTION (0.1ms)[0m  [1m[36mbegin transaction[0m
  [1m[36mClinic Create (1.3ms)[0m  [1m[32mINSERT INTO "clinics" ("name", "addr", "created_at", "updated_at") VALUES (?, ?, ?, ?)[0m  [["name", "Best clinic2"], ["addr", "Baker Street2"], ["created_at", "2021-06-26 13:49:23.278467"], ["updated_at", "2021-06-26 13:49:23.278467"]]
  [1m[36mTRANSACTION (9.5ms)[0m  [1m[36mcommit transaction[0m
  [1m[36mTRANSACTION (0.1ms)[0m  [1m[36mbegin transaction[0m
  [1m[36mOwner Create (1.9ms)[0m  [1m[32mINSERT INTO "owners" ("uid", "name", "email", "created_at", "updated_at") VALUES (?, ?, ?, ?, ?)[0m  [["uid", "test"], ["name", "owner1"], ["email", "owner1@owner"], ["created_at", "2021-06-26 13:49:23.306427"], ["updated_at", "2021-06-26 13:49:23.306427"]]
  [1m[36mTRANSACTION (14.4ms)[0m  [1m[36mcommit transaction[0m
Started GET "/" for ::1 at 2021-06-26 15:50:29 +0200
  [1m[35m (0.7ms)[0m  [1m[34mSELECT sqlite_version(*)[0m
  [1m[35m (0.4ms)[0m  [1m[34mSELECT "schema_migrations"."version" FROM "schema_migrations" ORDER BY "schema_migrations"."version" ASC[0m
Processing by Rails::WelcomeController#index as HTML
  Rendering /usr/share/rvm/gems/ruby-2.7.3/gems/railties-6.1.4/lib/rails/templates/rails/welcome/index.html.erb
  Rendered /usr/share/rvm/gems/ruby-2.7.3/gems/railties-6.1.4/lib/rails/templates/rails/welcome/index.html.erb (Duration: 41.0ms | Allocations: 399)
Completed 200 OK in 73ms (Views: 55.7ms | ActiveRecord: 0.0ms | Allocations: 3400)


Started GET "/favicon.ico" for ::1 at 2021-06-26 15:50:31 +0200
  
ActionController::RoutingError (No route matches [GET] "/favicon.ico"):
  
  [1m[35m (0.8ms)[0m  [1m[34mSELECT sqlite_version(*)[0m
  [1m[35m (0.2ms)[0m  [1m[34mSELECT "schema_migrations"."version" FROM "schema_migrations" ORDER BY "schema_migrations"."version" ASC[0m
  [1m[35m (0.2ms)[0m  [1m[34mSELECT "ar_internal_metadata"."value" FROM "ar_internal_metadata" WHERE "ar_internal_metadata"."key" = ?[0m  [["key", "environment"]]
  [1m[35m (0.2ms)[0m  [1m[34mSELECT "schema_migrations"."version" FROM "schema_migrations" ORDER BY "schema_migrations"."version" ASC[0m
  [1m[35m (0.2ms)[0m  [1m[34mSELECT "ar_internal_metadata"."value" FROM "ar_internal_metadata" WHERE "ar_internal_metadata"."key" = ?[0m  [["key", "environment"]]
  [1m[35m (0.2ms)[0m  [1m[34mSELECT "schema_migrations"."version" FROM "schema_migrations" ORDER BY "schema_migrations"."version" ASC[0m
  [1m[35m (0.2ms)[0m  [1m[34mSELECT "ar_internal_metadata"."value" FROM "ar_internal_metadata" WHERE "ar_internal_metadata"."key" = ?[0m  [["key", "environment"]]
  [1m[35m (0.3ms)[0m  [1m[34mSELECT sqlite_version(*)[0m
  [1m[35m (0.2ms)[0m  [1m[34mSELECT sqlite_version(*)[0m
  [1m[35m (0.2ms)[0m  [1m[34mSELECT sqlite_version(*)[0m
  [1m[35m (0.2ms)[0m  [1m[35mDROP TABLE IF EXISTS "clinics"[0m
  [1m[35m (16.4ms)[0m  [1m[35mCREATE TABLE "clinics" ("id" integer PRIMARY KEY AUTOINCREMENT NOT NULL, "name" varchar, "addr" varchar, "created_at" datetime(6) NOT NULL, "updated_at" datetime(6) NOT NULL)[0m
  [1m[35m (0.3ms)[0m  [1m[35mDROP TABLE IF EXISTS "owners"[0m
  [1m[35m (16.5ms)[0m  [1m[35mCREATE TABLE "owners" ("id" integer PRIMARY KEY AUTOINCREMENT NOT NULL, "uid" varchar, "name" varchar, "email" varchar, "created_at" datetime(6) NOT NULL, "updated_at" datetime(6) NOT NULL)[0m
  [1m[35m (0.3ms)[0m  [1m[35mDROP TABLE IF EXISTS "pets"[0m
  [1m[35m (18.5ms)[0m  [1m[35mCREATE TABLE "pets" ("id" integer PRIMARY KEY AUTOINCREMENT NOT NULL, "name" varchar, "breed" varchar, "desc" varchar, "owner_id" integer NOT NULL, "clinic_id" integer NOT NULL, "created_at" datetime(6) NOT NULL, "updated_at" datetime(6) NOT NULL)[0m
  [1m[35m (15.2ms)[0m  [1m[35mCREATE INDEX "index_pets_on_clinic_id" ON "pets" ("clinic_id")[0m
  [1m[35m (11.1ms)[0m  [1m[35mCREATE INDEX "index_pets_on_owner_id" ON "pets" ("owner_id")[0m
  [1m[36mTRANSACTION (0.1ms)[0m  [1m[36mbegin transaction[0m
  [1m[35m (0.2ms)[0m  [1m[35mPRAGMA foreign_keys[0m
  [1m[35m (0.2ms)[0m  [1m[35mPRAGMA defer_foreign_keys[0m
  [1m[35m (0.1ms)[0m  [1m[35mPRAGMA defer_foreign_keys = ON[0m
  [1m[35m (0.1ms)[0m  [1m[35mPRAGMA foreign_keys = OFF[0m
  [1m[35m (0.2ms)[0m  [1m[35mCREATE TEMPORARY TABLE "apets" ("id" integer NOT NULL PRIMARY KEY, "name" varchar DEFAULT NULL, "breed" varchar DEFAULT NULL, "desc" varchar DEFAULT NULL, "owner_id" integer NOT NULL, "clinic_id" integer NOT NULL, "created_at" datetime(6) NOT NULL, "updated_at" datetime(6) NOT NULL)[0m
  [1m[35m (0.3ms)[0m  [1m[35mCREATE INDEX "tindex_apets_on_owner_id" ON "apets" ("owner_id")[0m
  [1m[35m (0.2ms)[0m  [1m[35mCREATE INDEX "tindex_apets_on_clinic_id" ON "apets" ("clinic_id")[0m
  [1m[35m (0.1ms)[0m  [1m[32mINSERT INTO "apets" ("id","name","breed","desc","owner_id","clinic_id","created_at","updated_at")
                     SELECT "id","name","breed","desc","owner_id","clinic_id","created_at","updated_at" FROM "pets"[0m
  [1m[35m (0.6ms)[0m  [1m[35mDROP TABLE "pets"[0m
  [1m[35m (0.5ms)[0m  [1m[35mCREATE TABLE "pets" ("id" integer NOT NULL PRIMARY KEY, "name" varchar DEFAULT NULL, "breed" varchar DEFAULT NULL, "desc" varchar DEFAULT NULL, "owner_id" integer NOT NULL, "clinic_id" integer NOT NULL, "created_at" datetime(6) NOT NULL, "updated_at" datetime(6) NOT NULL, CONSTRAINT "fk_rails_17fce83604"
FOREIGN KEY ("clinic_id")
  REFERENCES "clinics" ("id")
)[0m
  [1m[35m (0.2ms)[0m  [1m[35mCREATE INDEX "index_pets_on_clinic_id" ON "pets" ("clinic_id")[0m
  [1m[35m (0.2ms)[0m  [1m[35mCREATE INDEX "index_pets_on_owner_id" ON "pets" ("owner_id")[0m
  [1m[35m (0.1ms)[0m  [1m[32mINSERT INTO "pets" ("id","name","breed","desc","owner_id","clinic_id","created_at","updated_at")
                     SELECT "id","name","breed","desc","owner_id","clinic_id","created_at","updated_at" FROM "apets"[0m
  [1m[35m (0.2ms)[0m  [1m[35mDROP TABLE "apets"[0m
  [1m[35m (0.1ms)[0m  [1m[35mPRAGMA defer_foreign_keys = 0[0m
  [1m[35m (0.2ms)[0m  [1m[35mPRAGMA foreign_keys = 1[0m
  [1m[36mTRANSACTION (6.5ms)[0m  [1m[36mcommit transaction[0m
  [1m[36mTRANSACTION (0.2ms)[0m  [1m[36mbegin transaction[0m
  [1m[35m (0.1ms)[0m  [1m[35mPRAGMA foreign_keys[0m
  [1m[35m (0.2ms)[0m  [1m[35mPRAGMA defer_foreign_keys[0m
  [1m[35m (0.2ms)[0m  [1m[35mPRAGMA defer_foreign_keys = ON[0m
  [1m[35m (0.2ms)[0m  [1m[35mPRAGMA foreign_keys = OFF[0m
  [1m[35m (0.3ms)[0m  [1m[35mCREATE TEMPORARY TABLE "apets" ("id" integer NOT NULL PRIMARY KEY, "name" varchar DEFAULT NULL, "breed" varchar DEFAULT NULL, "desc" varchar DEFAULT NULL, "owner_id" integer NOT NULL, "clinic_id" integer NOT NULL, "created_at" datetime(6) NOT NULL, "updated_at" datetime(6) NOT NULL)[0m
  [1m[35m (0.4ms)[0m  [1m[35mCREATE INDEX "tindex_apets_on_owner_id" ON "apets" ("owner_id")[0m
  [1m[35m (0.2ms)[0m  [1m[35mCREATE INDEX "tindex_apets_on_clinic_id" ON "apets" ("clinic_id")[0m
  [1m[35m (0.2ms)[0m  [1m[32mINSERT INTO "apets" ("id","name","breed","desc","owner_id","clinic_id","created_at","updated_at")
                     SELECT "id","name","breed","desc","owner_id","clinic_id","created_at","updated_at" FROM "pets"[0m
  [1m[35m (3.2ms)[0m  [1m[35mDROP TABLE "pets"[0m
  [1m[35m (0.5ms)[0m  [1m[35mCREATE TABLE "pets" ("id" integer NOT NULL PRIMARY KEY, "name" varchar DEFAULT NULL, "breed" varchar DEFAULT NULL, "desc" varchar DEFAULT NULL, "owner_id" integer NOT NULL, "clinic_id" integer NOT NULL, "created_at" datetime(6) NOT NULL, "updated_at" datetime(6) NOT NULL, CONSTRAINT "fk_rails_17fce83604"
FOREIGN KEY ("clinic_id")
  REFERENCES "clinics" ("id")
, CONSTRAINT "fk_rails_1ff5d16ccb"
FOREIGN KEY ("owner_id")
  REFERENCES "owners" ("id")
)[0m
  [1m[35m (0.3ms)[0m  [1m[35mCREATE INDEX "index_pets_on_clinic_id" ON "pets" ("clinic_id")[0m
  [1m[35m (0.4ms)[0m  [1m[35mCREATE INDEX "index_pets_on_owner_id" ON "pets" ("owner_id")[0m
  [1m[35m (0.4ms)[0m  [1m[32mINSERT INTO "pets" ("id","name","breed","desc","owner_id","clinic_id","created_at","updated_at")
                     SELECT "id","name","breed","desc","owner_id","clinic_id","created_at","updated_at" FROM "apets"[0m
  [1m[35m (0.4ms)[0m  [1m[35mDROP TABLE "apets"[0m
  [1m[35m (0.2ms)[0m  [1m[35mPRAGMA defer_foreign_keys = 0[0m
  [1m[35m (0.1ms)[0m  [1m[35mPRAGMA foreign_keys = 1[0m
  [1m[36mTRANSACTION (13.9ms)[0m  [1m[36mcommit transaction[0m
  [1m[35m (26.6ms)[0m  [1m[35mCREATE TABLE "schema_migrations" ("version" varchar NOT NULL PRIMARY KEY)[0m
  [1m[35m (0.3ms)[0m  [1m[34mSELECT "schema_migrations"."version" FROM "schema_migrations" ORDER BY "schema_migrations"."version" ASC[0m
  [1m[35m (15.5ms)[0m  [1m[32mINSERT INTO "schema_migrations" (version) VALUES (20210626134621)[0m
  [1m[35m (14.4ms)[0m  [1m[32mINSERT INTO "schema_migrations" (version) VALUES
(20210626134123),
(20210626134213);

[0m
  [1m[35m (16.8ms)[0m  [1m[35mCREATE TABLE "ar_internal_metadata" ("key" varchar NOT NULL PRIMARY KEY, "value" varchar, "created_at" datetime(6) NOT NULL, "updated_at" datetime(6) NOT NULL)[0m
  [1m[36mActiveRecord::InternalMetadata Load (0.5ms)[0m  [1m[34mSELECT "ar_internal_metadata".* FROM "ar_internal_metadata" WHERE "ar_internal_metadata"."key" = ? LIMIT ?[0m  [["key", "environment"], ["LIMIT", 1]]
  [1m[36mTRANSACTION (1.2ms)[0m  [1m[36mbegin transaction[0m
  [1m[36mActiveRecord::InternalMetadata Create (0.8ms)[0m  [1m[32mINSERT INTO "ar_internal_metadata" ("key", "value", "created_at", "updated_at") VALUES (?, ?, ?, ?)[0m  [["key", "environment"], ["value", "development"], ["created_at", "2021-06-26 13:55:34.322279"], ["updated_at", "2021-06-26 13:55:34.322279"]]
  [1m[36mTRANSACTION (7.8ms)[0m  [1m[36mcommit transaction[0m
  [1m[36mActiveRecord::InternalMetadata Load (0.2ms)[0m  [1m[34mSELECT "ar_internal_metadata".* FROM "ar_internal_metadata" WHERE "ar_internal_metadata"."key" = ? LIMIT ?[0m  [["key", "environment"], ["LIMIT", 1]]
  [1m[36mActiveRecord::InternalMetadata Load (0.2ms)[0m  [1m[34mSELECT "ar_internal_metadata".* FROM "ar_internal_metadata" WHERE "ar_internal_metadata"."key" = ? LIMIT ?[0m  [["key", "schema_sha1"], ["LIMIT", 1]]
  [1m[36mTRANSACTION (0.1ms)[0m  [1m[36mbegin transaction[0m
  [1m[36mActiveRecord::InternalMetadata Create (0.6ms)[0m  [1m[32mINSERT INTO "ar_internal_metadata" ("key", "value", "created_at", "updated_at") VALUES (?, ?, ?, ?)[0m  [["key", "schema_sha1"], ["value", "58a42e5ebc8a73932f8c77fa673e3a22f67ab63d"], ["created_at", "2021-06-26 13:55:34.359092"], ["updated_at", "2021-06-26 13:55:34.359092"]]
  [1m[36mTRANSACTION (14.9ms)[0m  [1m[36mcommit transaction[0m
  [1m[35m (0.1ms)[0m  [1m[34mSELECT sqlite_version(*)[0m
  [1m[35m (0.2ms)[0m  [1m[35mDROP TABLE IF EXISTS "clinics"[0m
  [1m[35m (9.7ms)[0m  [1m[35mCREATE TABLE "clinics" ("id" integer PRIMARY KEY AUTOINCREMENT NOT NULL, "name" varchar, "addr" varchar, "created_at" datetime(6) NOT NULL, "updated_at" datetime(6) NOT NULL)[0m
  [1m[35m (0.2ms)[0m  [1m[35mDROP TABLE IF EXISTS "owners"[0m
  [1m[35m (10.4ms)[0m  [1m[35mCREATE TABLE "owners" ("id" integer PRIMARY KEY AUTOINCREMENT NOT NULL, "uid" varchar, "name" varchar, "email" varchar, "created_at" datetime(6) NOT NULL, "updated_at" datetime(6) NOT NULL)[0m
  [1m[35m (0.2ms)[0m  [1m[35mDROP TABLE IF EXISTS "pets"[0m
  [1m[35m (15.8ms)[0m  [1m[35mCREATE TABLE "pets" ("id" integer PRIMARY KEY AUTOINCREMENT NOT NULL, "name" varchar, "breed" varchar, "desc" varchar, "owner_id" integer NOT NULL, "clinic_id" integer NOT NULL, "created_at" datetime(6) NOT NULL, "updated_at" datetime(6) NOT NULL)[0m
  [1m[35m (11.6ms)[0m  [1m[35mCREATE INDEX "index_pets_on_clinic_id" ON "pets" ("clinic_id")[0m
  [1m[35m (15.0ms)[0m  [1m[35mCREATE INDEX "index_pets_on_owner_id" ON "pets" ("owner_id")[0m
  [1m[36mTRANSACTION (0.3ms)[0m  [1m[36mbegin transaction[0m
  [1m[35m (0.2ms)[0m  [1m[35mPRAGMA foreign_keys[0m
  [1m[35m (0.2ms)[0m  [1m[35mPRAGMA defer_foreign_keys[0m
  [1m[35m (0.2ms)[0m  [1m[35mPRAGMA defer_foreign_keys = ON[0m
  [1m[35m (0.1ms)[0m  [1m[35mPRAGMA foreign_keys = OFF[0m
  [1m[35m (0.5ms)[0m  [1m[35mCREATE TEMPORARY TABLE "apets" ("id" integer NOT NULL PRIMARY KEY, "name" varchar DEFAULT NULL, "breed" varchar DEFAULT NULL, "desc" varchar DEFAULT NULL, "owner_id" integer NOT NULL, "clinic_id" integer NOT NULL, "created_at" datetime(6) NOT NULL, "updated_at" datetime(6) NOT NULL)[0m
  [1m[35m (0.4ms)[0m  [1m[35mCREATE INDEX "tindex_apets_on_owner_id" ON "apets" ("owner_id")[0m
  [1m[35m (0.5ms)[0m  [1m[35mCREATE INDEX "tindex_apets_on_clinic_id" ON "apets" ("clinic_id")[0m
  [1m[35m (0.3ms)[0m  [1m[32mINSERT INTO "apets" ("id","name","breed","desc","owner_id","clinic_id","created_at","updated_at")
                     SELECT "id","name","breed","desc","owner_id","clinic_id","created_at","updated_at" FROM "pets"[0m
  [1m[35m (1.0ms)[0m  [1m[35mDROP TABLE "pets"[0m
  [1m[35m (1.3ms)[0m  [1m[35mCREATE TABLE "pets" ("id" integer NOT NULL PRIMARY KEY, "name" varchar DEFAULT NULL, "breed" varchar DEFAULT NULL, "desc" varchar DEFAULT NULL, "owner_id" integer NOT NULL, "clinic_id" integer NOT NULL, "created_at" datetime(6) NOT NULL, "updated_at" datetime(6) NOT NULL, CONSTRAINT "fk_rails_17fce83604"
FOREIGN KEY ("clinic_id")
  REFERENCES "clinics" ("id")
)[0m
  [1m[35m (0.9ms)[0m  [1m[35mCREATE INDEX "index_pets_on_clinic_id" ON "pets" ("clinic_id")[0m
  [1m[35m (0.4ms)[0m  [1m[35mCREATE INDEX "index_pets_on_owner_id" ON "pets" ("owner_id")[0m
  [1m[35m (0.1ms)[0m  [1m[32mINSERT INTO "pets" ("id","name","breed","desc","owner_id","clinic_id","created_at","updated_at")
                     SELECT "id","name","breed","desc","owner_id","clinic_id","created_at","updated_at" FROM "apets"[0m
  [1m[35m (0.3ms)[0m  [1m[35mDROP TABLE "apets"[0m
  [1m[35m (0.1ms)[0m  [1m[35mPRAGMA defer_foreign_keys = 0[0m
  [1m[35m (0.1ms)[0m  [1m[35mPRAGMA foreign_keys = 1[0m
  [1m[36mTRANSACTION (6.3ms)[0m  [1m[36mcommit transaction[0m
  [1m[36mTRANSACTION (0.1ms)[0m  [1m[36mbegin transaction[0m
  [1m[35m (0.1ms)[0m  [1m[35mPRAGMA foreign_keys[0m
  [1m[35m (0.1ms)[0m  [1m[35mPRAGMA defer_foreign_keys[0m
  [1m[35m (0.1ms)[0m  [1m[35mPRAGMA defer_foreign_keys = ON[0m
  [1m[35m (0.2ms)[0m  [1m[35mPRAGMA foreign_keys = OFF[0m
  [1m[35m (0.2ms)[0m  [1m[35mCREATE TEMPORARY TABLE "apets" ("id" integer NOT NULL PRIMARY KEY, "name" varchar DEFAULT NULL, "breed" varchar DEFAULT NULL, "desc" varchar DEFAULT NULL, "owner_id" integer NOT NULL, "clinic_id" integer NOT NULL, "created_at" datetime(6) NOT NULL, "updated_at" datetime(6) NOT NULL)[0m
  [1m[35m (0.2ms)[0m  [1m[35mCREATE INDEX "tindex_apets_on_owner_id" ON "apets" ("owner_id")[0m
  [1m[35m (0.3ms)[0m  [1m[35mCREATE INDEX "tindex_apets_on_clinic_id" ON "apets" ("clinic_id")[0m
  [1m[35m (0.2ms)[0m  [1m[32mINSERT INTO "apets" ("id","name","breed","desc","owner_id","clinic_id","created_at","updated_at")
                     SELECT "id","name","breed","desc","owner_id","clinic_id","created_at","updated_at" FROM "pets"[0m
  [1m[35m (0.8ms)[0m  [1m[35mDROP TABLE "pets"[0m
  [1m[35m (0.6ms)[0m  [1m[35mCREATE TABLE "pets" ("id" integer NOT NULL PRIMARY KEY, "name" varchar DEFAULT NULL, "breed" varchar DEFAULT NULL, "desc" varchar DEFAULT NULL, "owner_id" integer NOT NULL, "clinic_id" integer NOT NULL, "created_at" datetime(6) NOT NULL, "updated_at" datetime(6) NOT NULL, CONSTRAINT "fk_rails_17fce83604"
FOREIGN KEY ("clinic_id")
  REFERENCES "clinics" ("id")
, CONSTRAINT "fk_rails_1ff5d16ccb"
FOREIGN KEY ("owner_id")
  REFERENCES "owners" ("id")
)[0m
  [1m[35m (0.3ms)[0m  [1m[35mCREATE INDEX "index_pets_on_clinic_id" ON "pets" ("clinic_id")[0m
  [1m[35m (0.3ms)[0m  [1m[35mCREATE INDEX "index_pets_on_owner_id" ON "pets" ("owner_id")[0m
  [1m[35m (0.3ms)[0m  [1m[32mINSERT INTO "pets" ("id","name","breed","desc","owner_id","clinic_id","created_at","updated_at")
                     SELECT "id","name","breed","desc","owner_id","clinic_id","created_at","updated_at" FROM "apets"[0m
  [1m[35m (0.4ms)[0m  [1m[35mDROP TABLE "apets"[0m
  [1m[35m (0.2ms)[0m  [1m[35mPRAGMA defer_foreign_keys = 0[0m
  [1m[35m (0.3ms)[0m  [1m[35mPRAGMA foreign_keys = 1[0m
  [1m[36mTRANSACTION (10.6ms)[0m  [1m[36mcommit transaction[0m
  [1m[35m (23.3ms)[0m  [1m[35mCREATE TABLE "schema_migrations" ("version" varchar NOT NULL PRIMARY KEY)[0m
  [1m[35m (0.3ms)[0m  [1m[34mSELECT "schema_migrations"."version" FROM "schema_migrations" ORDER BY "schema_migrations"."version" ASC[0m
  [1m[35m (14.1ms)[0m  [1m[32mINSERT INTO "schema_migrations" (version) VALUES (20210626134621)[0m
  [1m[35m (12.6ms)[0m  [1m[32mINSERT INTO "schema_migrations" (version) VALUES
(20210626134123),
(20210626134213);

[0m
  [1m[35m (17.3ms)[0m  [1m[35mCREATE TABLE "ar_internal_metadata" ("key" varchar NOT NULL PRIMARY KEY, "value" varchar, "created_at" datetime(6) NOT NULL, "updated_at" datetime(6) NOT NULL)[0m
  [1m[36mActiveRecord::InternalMetadata Load (0.6ms)[0m  [1m[34mSELECT "ar_internal_metadata".* FROM "ar_internal_metadata" WHERE "ar_internal_metadata"."key" = ? LIMIT ?[0m  [["key", "environment"], ["LIMIT", 1]]
  [1m[36mTRANSACTION (0.2ms)[0m  [1m[36mbegin transaction[0m
  [1m[36mActiveRecord::InternalMetadata Create (0.7ms)[0m  [1m[32mINSERT INTO "ar_internal_metadata" ("key", "value", "created_at", "updated_at") VALUES (?, ?, ?, ?)[0m  [["key", "environment"], ["value", "development"], ["created_at", "2021-06-26 13:55:34.738879"], ["updated_at", "2021-06-26 13:55:34.738879"]]
  [1m[36mTRANSACTION (12.2ms)[0m  [1m[36mcommit transaction[0m
  [1m[36mActiveRecord::InternalMetadata Load (0.2ms)[0m  [1m[34mSELECT "ar_internal_metadata".* FROM "ar_internal_metadata" WHERE "ar_internal_metadata"."key" = ? LIMIT ?[0m  [["key", "environment"], ["LIMIT", 1]]
  [1m[36mTRANSACTION (0.1ms)[0m  [1m[36mbegin transaction[0m
  [1m[36mActiveRecord::InternalMetadata Update (0.7ms)[0m  [1m[33mUPDATE "ar_internal_metadata" SET "value" = ?, "updated_at" = ? WHERE "ar_internal_metadata"."key" = ?[0m  [["value", "test"], ["updated_at", "2021-06-26 13:55:34.768918"], ["key", "environment"]]
  [1m[36mTRANSACTION (12.8ms)[0m  [1m[36mcommit transaction[0m
  [1m[36mActiveRecord::InternalMetadata Load (0.2ms)[0m  [1m[34mSELECT "ar_internal_metadata".* FROM "ar_internal_metadata" WHERE "ar_internal_metadata"."key" = ? LIMIT ?[0m  [["key", "schema_sha1"], ["LIMIT", 1]]
  [1m[36mTRANSACTION (0.1ms)[0m  [1m[36mbegin transaction[0m
  [1m[36mActiveRecord::InternalMetadata Create (2.0ms)[0m  [1m[32mINSERT INTO "ar_internal_metadata" ("key", "value", "created_at", "updated_at") VALUES (?, ?, ?, ?)[0m  [["key", "schema_sha1"], ["value", "58a42e5ebc8a73932f8c77fa673e3a22f67ab63d"], ["created_at", "2021-06-26 13:55:34.798980"], ["updated_at", "2021-06-26 13:55:34.798980"]]
  [1m[36mTRANSACTION (10.4ms)[0m  [1m[36mcommit transaction[0m
  [1m[35m (0.1ms)[0m  [1m[34mSELECT sqlite_version(*)[0m
  [1m[35m (0.1ms)[0m  [1m[34mSELECT "schema_migrations"."version" FROM "schema_migrations" ORDER BY "schema_migrations"."version" ASC[0m
  [1m[35m (0.9ms)[0m  [1m[34mSELECT sqlite_version(*)[0m
  [1m[35m (0.3ms)[0m  [1m[34mSELECT "schema_migrations"."version" FROM "schema_migrations" ORDER BY "schema_migrations"."version" ASC[0m
  [1m[35m (0.4ms)[0m  [1m[34mSELECT "ar_internal_metadata"."value" FROM "ar_internal_metadata" WHERE "ar_internal_metadata"."key" = ?[0m  [["key", "environment"]]
  [1m[35m (0.3ms)[0m  [1m[34mSELECT "schema_migrations"."version" FROM "schema_migrations" ORDER BY "schema_migrations"."version" ASC[0m
  [1m[35m (0.3ms)[0m  [1m[34mSELECT "ar_internal_metadata"."value" FROM "ar_internal_metadata" WHERE "ar_internal_metadata"."key" = ?[0m  [["key", "environment"]]
  [1m[35m (0.2ms)[0m  [1m[34mSELECT "schema_migrations"."version" FROM "schema_migrations" ORDER BY "schema_migrations"."version" ASC[0m
  [1m[35m (0.2ms)[0m  [1m[34mSELECT "ar_internal_metadata"."value" FROM "ar_internal_metadata" WHERE "ar_internal_metadata"."key" = ?[0m  [["key", "environment"]]
  [1m[35m (0.4ms)[0m  [1m[34mSELECT sqlite_version(*)[0m
  [1m[35m (0.9ms)[0m  [1m[34mSELECT sqlite_version(*)[0m
  [1m[35m (0.2ms)[0m  [1m[34mSELECT sqlite_version(*)[0m
  [1m[35m (0.3ms)[0m  [1m[35mDROP TABLE IF EXISTS "clinics"[0m
  [1m[35m (441.8ms)[0m  [1m[35mCREATE TABLE "clinics" ("id" integer PRIMARY KEY AUTOINCREMENT NOT NULL, "name" varchar, "addr" varchar, "created_at" datetime(6) NOT NULL, "updated_at" datetime(6) NOT NULL)[0m
  [1m[35m (0.2ms)[0m  [1m[35mDROP TABLE IF EXISTS "owners"[0m
  [1m[35m (9.0ms)[0m  [1m[35mCREATE TABLE "owners" ("id" integer PRIMARY KEY AUTOINCREMENT NOT NULL, "uid" varchar, "name" varchar, "email" varchar, "created_at" datetime(6) NOT NULL, "updated_at" datetime(6) NOT NULL)[0m
  [1m[35m (0.3ms)[0m  [1m[35mDROP TABLE IF EXISTS "pets"[0m
  [1m[35m (8.9ms)[0m  [1m[35mCREATE TABLE "pets" ("id" integer PRIMARY KEY AUTOINCREMENT NOT NULL, "name" varchar, "breed" varchar, "desc" varchar, "owner_id" integer NOT NULL, "clinic_id" integer NOT NULL, "created_at" datetime(6) NOT NULL, "updated_at" datetime(6) NOT NULL)[0m
  [1m[35m (9.4ms)[0m  [1m[35mCREATE INDEX "index_pets_on_clinic_id" ON "pets" ("clinic_id")[0m
  [1m[35m (14.8ms)[0m  [1m[35mCREATE INDEX "index_pets_on_owner_id" ON "pets" ("owner_id")[0m
  [1m[36mTRANSACTION (0.1ms)[0m  [1m[36mbegin transaction[0m
  [1m[35m (0.2ms)[0m  [1m[35mPRAGMA foreign_keys[0m
  [1m[35m (0.2ms)[0m  [1m[35mPRAGMA defer_foreign_keys[0m
  [1m[35m (0.1ms)[0m  [1m[35mPRAGMA defer_foreign_keys = ON[0m
  [1m[35m (0.1ms)[0m  [1m[35mPRAGMA foreign_keys = OFF[0m
  [1m[35m (0.3ms)[0m  [1m[35mCREATE TEMPORARY TABLE "apets" ("id" integer NOT NULL PRIMARY KEY, "name" varchar DEFAULT NULL, "breed" varchar DEFAULT NULL, "desc" varchar DEFAULT NULL, "owner_id" integer NOT NULL, "clinic_id" integer NOT NULL, "created_at" datetime(6) NOT NULL, "updated_at" datetime(6) NOT NULL)[0m
  [1m[35m (0.3ms)[0m  [1m[35mCREATE INDEX "tindex_apets_on_owner_id" ON "apets" ("owner_id")[0m
  [1m[35m (0.3ms)[0m  [1m[35mCREATE INDEX "tindex_apets_on_clinic_id" ON "apets" ("clinic_id")[0m
  [1m[35m (0.1ms)[0m  [1m[32mINSERT INTO "apets" ("id","name","breed","desc","owner_id","clinic_id","created_at","updated_at")
                     SELECT "id","name","breed","desc","owner_id","clinic_id","created_at","updated_at" FROM "pets"[0m
  [1m[35m (0.7ms)[0m  [1m[35mDROP TABLE "pets"[0m
  [1m[35m (1.7ms)[0m  [1m[35mCREATE TABLE "pets" ("id" integer NOT NULL PRIMARY KEY, "name" varchar DEFAULT NULL, "breed" varchar DEFAULT NULL, "desc" varchar DEFAULT NULL, "owner_id" integer NOT NULL, "clinic_id" integer NOT NULL, "created_at" datetime(6) NOT NULL, "updated_at" datetime(6) NOT NULL, CONSTRAINT "fk_rails_17fce83604"
FOREIGN KEY ("clinic_id")
  REFERENCES "clinics" ("id")
)[0m
  [1m[35m (0.4ms)[0m  [1m[35mCREATE INDEX "index_pets_on_clinic_id" ON "pets" ("clinic_id")[0m
  [1m[35m (0.4ms)[0m  [1m[35mCREATE INDEX "index_pets_on_owner_id" ON "pets" ("owner_id")[0m
  [1m[35m (1.5ms)[0m  [1m[32mINSERT INTO "pets" ("id","name","breed","desc","owner_id","clinic_id","created_at","updated_at")
                     SELECT "id","name","breed","desc","owner_id","clinic_id","created_at","updated_at" FROM "apets"[0m
  [1m[35m (0.6ms)[0m  [1m[35mDROP TABLE "apets"[0m
  [1m[35m (0.2ms)[0m  [1m[35mPRAGMA defer_foreign_keys = 0[0m
  [1m[35m (0.2ms)[0m  [1m[35mPRAGMA foreign_keys = 1[0m
  [1m[36mTRANSACTION (154.1ms)[0m  [1m[36mcommit transaction[0m
  [1m[36mTRANSACTION (0.1ms)[0m  [1m[36mbegin transaction[0m
  [1m[35m (0.3ms)[0m  [1m[35mPRAGMA foreign_keys[0m
  [1m[35m (0.3ms)[0m  [1m[35mPRAGMA defer_foreign_keys[0m
  [1m[35m (0.2ms)[0m  [1m[35mPRAGMA defer_foreign_keys = ON[0m
  [1m[35m (0.2ms)[0m  [1m[35mPRAGMA foreign_keys = OFF[0m
  [1m[35m (0.3ms)[0m  [1m[35mCREATE TEMPORARY TABLE "apets" ("id" integer NOT NULL PRIMARY KEY, "name" varchar DEFAULT NULL, "breed" varchar DEFAULT NULL, "desc" varchar DEFAULT NULL, "owner_id" integer NOT NULL, "clinic_id" integer NOT NULL, "created_at" datetime(6) NOT NULL, "updated_at" datetime(6) NOT NULL)[0m
  [1m[35m (0.4ms)[0m  [1m[35mCREATE INDEX "tindex_apets_on_owner_id" ON "apets" ("owner_id")[0m
  [1m[35m (0.4ms)[0m  [1m[35mCREATE INDEX "tindex_apets_on_clinic_id" ON "apets" ("clinic_id")[0m
  [1m[35m (0.2ms)[0m  [1m[32mINSERT INTO "apets" ("id","name","breed","desc","owner_id","clinic_id","created_at","updated_at")
                     SELECT "id","name","breed","desc","owner_id","clinic_id","created_at","updated_at" FROM "pets"[0m
  [1m[35m (0.8ms)[0m  [1m[35mDROP TABLE "pets"[0m
  [1m[35m (0.4ms)[0m  [1m[35mCREATE TABLE "pets" ("id" integer NOT NULL PRIMARY KEY, "name" varchar DEFAULT NULL, "breed" varchar DEFAULT NULL, "desc" varchar DEFAULT NULL, "owner_id" integer NOT NULL, "clinic_id" integer NOT NULL, "created_at" datetime(6) NOT NULL, "updated_at" datetime(6) NOT NULL, CONSTRAINT "fk_rails_17fce83604"
FOREIGN KEY ("clinic_id")
  REFERENCES "clinics" ("id")
, CONSTRAINT "fk_rails_1ff5d16ccb"
FOREIGN KEY ("owner_id")
  REFERENCES "owners" ("id")
)[0m
  [1m[35m (7.8ms)[0m  [1m[35mCREATE INDEX "index_pets_on_clinic_id" ON "pets" ("clinic_id")[0m
  [1m[35m (0.4ms)[0m  [1m[35mCREATE INDEX "index_pets_on_owner_id" ON "pets" ("owner_id")[0m
  [1m[35m (0.3ms)[0m  [1m[32mINSERT INTO "pets" ("id","name","breed","desc","owner_id","clinic_id","created_at","updated_at")
                     SELECT "id","name","breed","desc","owner_id","clinic_id","created_at","updated_at" FROM "apets"[0m
  [1m[35m (0.4ms)[0m  [1m[35mDROP TABLE "apets"[0m
  [1m[35m (0.3ms)[0m  [1m[35mPRAGMA defer_foreign_keys = 0[0m
  [1m[35m (0.4ms)[0m  [1m[35mPRAGMA foreign_keys = 1[0m
  [1m[36mTRANSACTION (7.8ms)[0m  [1m[36mcommit transaction[0m
  [1m[35m (18.4ms)[0m  [1m[35mCREATE TABLE "schema_migrations" ("version" varchar NOT NULL PRIMARY KEY)[0m
  [1m[35m (0.2ms)[0m  [1m[34mSELECT "schema_migrations"."version" FROM "schema_migrations" ORDER BY "schema_migrations"."version" ASC[0m
  [1m[35m (16.4ms)[0m  [1m[32mINSERT INTO "schema_migrations" (version) VALUES (20210626134621)[0m
  [1m[35m (14.7ms)[0m  [1m[32mINSERT INTO "schema_migrations" (version) VALUES
(20210626134123),
(20210626134213);

[0m
  [1m[35m (15.4ms)[0m  [1m[35mCREATE TABLE "ar_internal_metadata" ("key" varchar NOT NULL PRIMARY KEY, "value" varchar, "created_at" datetime(6) NOT NULL, "updated_at" datetime(6) NOT NULL)[0m
  [1m[36mActiveRecord::InternalMetadata Load (0.3ms)[0m  [1m[34mSELECT "ar_internal_metadata".* FROM "ar_internal_metadata" WHERE "ar_internal_metadata"."key" = ? LIMIT ?[0m  [["key", "environment"], ["LIMIT", 1]]
  [1m[36mTRANSACTION (0.1ms)[0m  [1m[36mbegin transaction[0m
  [1m[36mActiveRecord::InternalMetadata Create (0.6ms)[0m  [1m[32mINSERT INTO "ar_internal_metadata" ("key", "value", "created_at", "updated_at") VALUES (?, ?, ?, ?)[0m  [["key", "environment"], ["value", "development"], ["created_at", "2021-06-26 13:56:15.306356"], ["updated_at", "2021-06-26 13:56:15.306356"]]
  [1m[36mTRANSACTION (8.0ms)[0m  [1m[36mcommit transaction[0m
  [1m[36mActiveRecord::InternalMetadata Load (0.1ms)[0m  [1m[34mSELECT "ar_internal_metadata".* FROM "ar_internal_metadata" WHERE "ar_internal_metadata"."key" = ? LIMIT ?[0m  [["key", "environment"], ["LIMIT", 1]]
  [1m[36mActiveRecord::InternalMetadata Load (0.2ms)[0m  [1m[34mSELECT "ar_internal_metadata".* FROM "ar_internal_metadata" WHERE "ar_internal_metadata"."key" = ? LIMIT ?[0m  [["key", "schema_sha1"], ["LIMIT", 1]]
  [1m[36mTRANSACTION (0.1ms)[0m  [1m[36mbegin transaction[0m
  [1m[36mActiveRecord::InternalMetadata Create (0.6ms)[0m  [1m[32mINSERT INTO "ar_internal_metadata" ("key", "value", "created_at", "updated_at") VALUES (?, ?, ?, ?)[0m  [["key", "schema_sha1"], ["value", "58a42e5ebc8a73932f8c77fa673e3a22f67ab63d"], ["created_at", "2021-06-26 13:56:15.336589"], ["updated_at", "2021-06-26 13:56:15.336589"]]
  [1m[36mTRANSACTION (422.6ms)[0m  [1m[36mcommit transaction[0m
  [1m[35m (0.1ms)[0m  [1m[34mSELECT sqlite_version(*)[0m
  [1m[35m (0.2ms)[0m  [1m[35mDROP TABLE IF EXISTS "clinics"[0m
  [1m[35m (14.6ms)[0m  [1m[35mCREATE TABLE "clinics" ("id" integer PRIMARY KEY AUTOINCREMENT NOT NULL, "name" varchar, "addr" varchar, "created_at" datetime(6) NOT NULL, "updated_at" datetime(6) NOT NULL)[0m
  [1m[35m (0.2ms)[0m  [1m[35mDROP TABLE IF EXISTS "owners"[0m
  [1m[35m (11.2ms)[0m  [1m[35mCREATE TABLE "owners" ("id" integer PRIMARY KEY AUTOINCREMENT NOT NULL, "uid" varchar, "name" varchar, "email" varchar, "created_at" datetime(6) NOT NULL, "updated_at" datetime(6) NOT NULL)[0m
  [1m[35m (0.4ms)[0m  [1m[35mDROP TABLE IF EXISTS "pets"[0m
  [1m[35m (13.4ms)[0m  [1m[35mCREATE TABLE "pets" ("id" integer PRIMARY KEY AUTOINCREMENT NOT NULL, "name" varchar, "breed" varchar, "desc" varchar, "owner_id" integer NOT NULL, "clinic_id" integer NOT NULL, "created_at" datetime(6) NOT NULL, "updated_at" datetime(6) NOT NULL)[0m
  [1m[35m (12.0ms)[0m  [1m[35mCREATE INDEX "index_pets_on_clinic_id" ON "pets" ("clinic_id")[0m
  [1m[35m (16.8ms)[0m  [1m[35mCREATE INDEX "index_pets_on_owner_id" ON "pets" ("owner_id")[0m
  [1m[36mTRANSACTION (0.2ms)[0m  [1m[36mbegin transaction[0m
  [1m[35m (0.2ms)[0m  [1m[35mPRAGMA foreign_keys[0m
  [1m[35m (0.2ms)[0m  [1m[35mPRAGMA defer_foreign_keys[0m
  [1m[35m (0.1ms)[0m  [1m[35mPRAGMA defer_foreign_keys = ON[0m
  [1m[35m (0.1ms)[0m  [1m[35mPRAGMA foreign_keys = OFF[0m
  [1m[35m (0.4ms)[0m  [1m[35mCREATE TEMPORARY TABLE "apets" ("id" integer NOT NULL PRIMARY KEY, "name" varchar DEFAULT NULL, "breed" varchar DEFAULT NULL, "desc" varchar DEFAULT NULL, "owner_id" integer NOT NULL, "clinic_id" integer NOT NULL, "created_at" datetime(6) NOT NULL, "updated_at" datetime(6) NOT NULL)[0m
  [1m[35m (0.3ms)[0m  [1m[35mCREATE INDEX "tindex_apets_on_owner_id" ON "apets" ("owner_id")[0m
  [1m[35m (0.2ms)[0m  [1m[35mCREATE INDEX "tindex_apets_on_clinic_id" ON "apets" ("clinic_id")[0m
  [1m[35m (0.2ms)[0m  [1m[32mINSERT INTO "apets" ("id","name","breed","desc","owner_id","clinic_id","created_at","updated_at")
                     SELECT "id","name","breed","desc","owner_id","clinic_id","created_at","updated_at" FROM "pets"[0m
  [1m[35m (1.0ms)[0m  [1m[35mDROP TABLE "pets"[0m
  [1m[35m (0.3ms)[0m  [1m[35mCREATE TABLE "pets" ("id" integer NOT NULL PRIMARY KEY, "name" varchar DEFAULT NULL, "breed" varchar DEFAULT NULL, "desc" varchar DEFAULT NULL, "owner_id" integer NOT NULL, "clinic_id" integer NOT NULL, "created_at" datetime(6) NOT NULL, "updated_at" datetime(6) NOT NULL, CONSTRAINT "fk_rails_17fce83604"
FOREIGN KEY ("clinic_id")
  REFERENCES "clinics" ("id")
)[0m
  [1m[35m (0.3ms)[0m  [1m[35mCREATE INDEX "index_pets_on_clinic_id" ON "pets" ("clinic_id")[0m
  [1m[35m (1.7ms)[0m  [1m[35mCREATE INDEX "index_pets_on_owner_id" ON "pets" ("owner_id")[0m
  [1m[35m (0.3ms)[0m  [1m[32mINSERT INTO "pets" ("id","name","breed","desc","owner_id","clinic_id","created_at","updated_at")
                     SELECT "id","name","breed","desc","owner_id","clinic_id","created_at","updated_at" FROM "apets"[0m
  [1m[35m (0.4ms)[0m  [1m[35mDROP TABLE "apets"[0m
  [1m[35m (0.2ms)[0m  [1m[35mPRAGMA defer_foreign_keys = 0[0m
  [1m[35m (0.2ms)[0m  [1m[35mPRAGMA foreign_keys = 1[0m
  [1m[36mTRANSACTION (10.6ms)[0m  [1m[36mcommit transaction[0m
  [1m[36mTRANSACTION (0.1ms)[0m  [1m[36mbegin transaction[0m
  [1m[35m (0.2ms)[0m  [1m[35mPRAGMA foreign_keys[0m
  [1m[35m (0.2ms)[0m  [1m[35mPRAGMA defer_foreign_keys[0m
  [1m[35m (0.2ms)[0m  [1m[35mPRAGMA defer_foreign_keys = ON[0m
  [1m[35m (0.1ms)[0m  [1m[35mPRAGMA foreign_keys = OFF[0m
  [1m[35m (0.3ms)[0m  [1m[35mCREATE TEMPORARY TABLE "apets" ("id" integer NOT NULL PRIMARY KEY, "name" varchar DEFAULT NULL, "breed" varchar DEFAULT NULL, "desc" varchar DEFAULT NULL, "owner_id" integer NOT NULL, "clinic_id" integer NOT NULL, "created_at" datetime(6) NOT NULL, "updated_at" datetime(6) NOT NULL)[0m
  [1m[35m (0.4ms)[0m  [1m[35mCREATE INDEX "tindex_apets_on_owner_id" ON "apets" ("owner_id")[0m
  [1m[35m (0.3ms)[0m  [1m[35mCREATE INDEX "tindex_apets_on_clinic_id" ON "apets" ("clinic_id")[0m
  [1m[35m (0.2ms)[0m  [1m[32mINSERT INTO "apets" ("id","name","breed","desc","owner_id","clinic_id","created_at","updated_at")
                     SELECT "id","name","breed","desc","owner_id","clinic_id","created_at","updated_at" FROM "pets"[0m
  [1m[35m (0.8ms)[0m  [1m[35mDROP TABLE "pets"[0m
  [1m[35m (0.3ms)[0m  [1m[35mCREATE TABLE "pets" ("id" integer NOT NULL PRIMARY KEY, "name" varchar DEFAULT NULL, "breed" varchar DEFAULT NULL, "desc" varchar DEFAULT NULL, "owner_id" integer NOT NULL, "clinic_id" integer NOT NULL, "created_at" datetime(6) NOT NULL, "updated_at" datetime(6) NOT NULL, CONSTRAINT "fk_rails_17fce83604"
FOREIGN KEY ("clinic_id")
  REFERENCES "clinics" ("id")
, CONSTRAINT "fk_rails_1ff5d16ccb"
FOREIGN KEY ("owner_id")
  REFERENCES "owners" ("id")
)[0m
  [1m[35m (0.3ms)[0m  [1m[35mCREATE INDEX "index_pets_on_clinic_id" ON "pets" ("clinic_id")[0m
  [1m[35m (0.3ms)[0m  [1m[35mCREATE INDEX "index_pets_on_owner_id" ON "pets" ("owner_id")[0m
  [1m[35m (0.2ms)[0m  [1m[32mINSERT INTO "pets" ("id","name","breed","desc","owner_id","clinic_id","created_at","updated_at")
                     SELECT "id","name","breed","desc","owner_id","clinic_id","created_at","updated_at" FROM "apets"[0m
  [1m[35m (0.3ms)[0m  [1m[35mDROP TABLE "apets"[0m
  [1m[35m (0.2ms)[0m  [1m[35mPRAGMA defer_foreign_keys = 0[0m
  [1m[35m (0.2ms)[0m  [1m[35mPRAGMA foreign_keys = 1[0m
  [1m[36mTRANSACTION (9.6ms)[0m  [1m[36mcommit transaction[0m
  [1m[35m (16.0ms)[0m  [1m[35mCREATE TABLE "schema_migrations" ("version" varchar NOT NULL PRIMARY KEY)[0m
  [1m[35m (0.4ms)[0m  [1m[34mSELECT "schema_migrations"."version" FROM "schema_migrations" ORDER BY "schema_migrations"."version" ASC[0m
  [1m[35m (10.1ms)[0m  [1m[32mINSERT INTO "schema_migrations" (version) VALUES (20210626134621)[0m
  [1m[35m (11.7ms)[0m  [1m[32mINSERT INTO "schema_migrations" (version) VALUES
(20210626134123),
(20210626134213);

[0m
  [1m[35m (11.9ms)[0m  [1m[35mCREATE TABLE "ar_internal_metadata" ("key" varchar NOT NULL PRIMARY KEY, "value" varchar, "created_at" datetime(6) NOT NULL, "updated_at" datetime(6) NOT NULL)[0m
  [1m[36mActiveRecord::InternalMetadata Load (0.3ms)[0m  [1m[34mSELECT "ar_internal_metadata".* FROM "ar_internal_metadata" WHERE "ar_internal_metadata"."key" = ? LIMIT ?[0m  [["key", "environment"], ["LIMIT", 1]]
  [1m[36mTRANSACTION (0.1ms)[0m  [1m[36mbegin transaction[0m
  [1m[36mActiveRecord::InternalMetadata Create (1.6ms)[0m  [1m[32mINSERT INTO "ar_internal_metadata" ("key", "value", "created_at", "updated_at") VALUES (?, ?, ?, ?)[0m  [["key", "environment"], ["value", "development"], ["created_at", "2021-06-26 13:56:16.125665"], ["updated_at", "2021-06-26 13:56:16.125665"]]
  [1m[36mTRANSACTION (10.2ms)[0m  [1m[36mcommit transaction[0m
  [1m[36mActiveRecord::InternalMetadata Load (0.3ms)[0m  [1m[34mSELECT "ar_internal_metadata".* FROM "ar_internal_metadata" WHERE "ar_internal_metadata"."key" = ? LIMIT ?[0m  [["key", "environment"], ["LIMIT", 1]]
  [1m[36mTRANSACTION (0.2ms)[0m  [1m[36mbegin transaction[0m
  [1m[36mActiveRecord::InternalMetadata Update (2.1ms)[0m  [1m[33mUPDATE "ar_internal_metadata" SET "value" = ?, "updated_at" = ? WHERE "ar_internal_metadata"."key" = ?[0m  [["value", "test"], ["updated_at", "2021-06-26 13:56:16.151512"], ["key", "environment"]]
  [1m[36mTRANSACTION (8.8ms)[0m  [1m[36mcommit transaction[0m
  [1m[36mActiveRecord::InternalMetadata Load (0.2ms)[0m  [1m[34mSELECT "ar_internal_metadata".* FROM "ar_internal_metadata" WHERE "ar_internal_metadata"."key" = ? LIMIT ?[0m  [["key", "schema_sha1"], ["LIMIT", 1]]
  [1m[36mTRANSACTION (0.1ms)[0m  [1m[36mbegin transaction[0m
  [1m[36mActiveRecord::InternalMetadata Create (4.5ms)[0m  [1m[32mINSERT INTO "ar_internal_metadata" ("key", "value", "created_at", "updated_at") VALUES (?, ?, ?, ?)[0m  [["key", "schema_sha1"], ["value", "58a42e5ebc8a73932f8c77fa673e3a22f67ab63d"], ["created_at", "2021-06-26 13:56:16.178414"], ["updated_at", "2021-06-26 13:56:16.178414"]]
  [1m[36mTRANSACTION (8.2ms)[0m  [1m[36mcommit transaction[0m
  [1m[35m (0.1ms)[0m  [1m[34mSELECT sqlite_version(*)[0m
  [1m[35m (0.2ms)[0m  [1m[34mSELECT "schema_migrations"."version" FROM "schema_migrations" ORDER BY "schema_migrations"."version" ASC[0m
  [1m[35m (0.9ms)[0m  [1m[34mSELECT sqlite_version(*)[0m
  [1m[35m (0.3ms)[0m  [1m[34mSELECT "schema_migrations"."version" FROM "schema_migrations" ORDER BY "schema_migrations"."version" ASC[0m
  [1m[35m (0.2ms)[0m  [1m[34mSELECT "ar_internal_metadata"."value" FROM "ar_internal_metadata" WHERE "ar_internal_metadata"."key" = ?[0m  [["key", "environment"]]
  [1m[35m (0.2ms)[0m  [1m[34mSELECT "schema_migrations"."version" FROM "schema_migrations" ORDER BY "schema_migrations"."version" ASC[0m
  [1m[35m (0.2ms)[0m  [1m[34mSELECT "ar_internal_metadata"."value" FROM "ar_internal_metadata" WHERE "ar_internal_metadata"."key" = ?[0m  [["key", "environment"]]
  [1m[35m (0.2ms)[0m  [1m[34mSELECT "schema_migrations"."version" FROM "schema_migrations" ORDER BY "schema_migrations"."version" ASC[0m
  [1m[35m (0.1ms)[0m  [1m[34mSELECT "ar_internal_metadata"."value" FROM "ar_internal_metadata" WHERE "ar_internal_metadata"."key" = ?[0m  [["key", "environment"]]
  [1m[35m (0.2ms)[0m  [1m[34mSELECT sqlite_version(*)[0m
  [1m[35m (0.1ms)[0m  [1m[34mSELECT sqlite_version(*)[0m
  [1m[35m (0.2ms)[0m  [1m[34mSELECT sqlite_version(*)[0m
  [1m[35m (0.5ms)[0m  [1m[35mDROP TABLE IF EXISTS "clinics"[0m
  [1m[35m (638.1ms)[0m  [1m[35mCREATE TABLE "clinics" ("id" integer PRIMARY KEY AUTOINCREMENT NOT NULL, "name" varchar, "addr" varchar, "created_at" datetime(6) NOT NULL, "updated_at" datetime(6) NOT NULL)[0m
  [1m[35m (0.2ms)[0m  [1m[35mDROP TABLE IF EXISTS "owners"[0m
  [1m[35m (11.1ms)[0m  [1m[35mCREATE TABLE "owners" ("id" integer PRIMARY KEY AUTOINCREMENT NOT NULL, "uid" varchar, "name" varchar, "email" varchar, "created_at" datetime(6) NOT NULL, "updated_at" datetime(6) NOT NULL)[0m
  [1m[35m (0.3ms)[0m  [1m[35mDROP TABLE IF EXISTS "pets"[0m
  [1m[35m (14.3ms)[0m  [1m[35mCREATE TABLE "pets" ("id" integer PRIMARY KEY AUTOINCREMENT NOT NULL, "name" varchar, "breed" varchar, "desc" varchar, "owner_id" integer NOT NULL, "clinic_id" integer NOT NULL, "created_at" datetime(6) NOT NULL, "updated_at" datetime(6) NOT NULL)[0m
  [1m[35m (12.9ms)[0m  [1m[35mCREATE INDEX "index_pets_on_clinic_id" ON "pets" ("clinic_id")[0m
  [1m[35m (11.2ms)[0m  [1m[35mCREATE INDEX "index_pets_on_owner_id" ON "pets" ("owner_id")[0m
  [1m[36mTRANSACTION (0.1ms)[0m  [1m[36mbegin transaction[0m
  [1m[35m (0.2ms)[0m  [1m[35mPRAGMA foreign_keys[0m
  [1m[35m (0.2ms)[0m  [1m[35mPRAGMA defer_foreign_keys[0m
  [1m[35m (0.2ms)[0m  [1m[35mPRAGMA defer_foreign_keys = ON[0m
  [1m[35m (0.1ms)[0m  [1m[35mPRAGMA foreign_keys = OFF[0m
  [1m[35m (0.3ms)[0m  [1m[35mCREATE TEMPORARY TABLE "apets" ("id" integer NOT NULL PRIMARY KEY, "name" varchar DEFAULT NULL, "breed" varchar DEFAULT NULL, "desc" varchar DEFAULT NULL, "owner_id" integer NOT NULL, "clinic_id" integer NOT NULL, "created_at" datetime(6) NOT NULL, "updated_at" datetime(6) NOT NULL)[0m
  [1m[35m (0.3ms)[0m  [1m[35mCREATE INDEX "tindex_apets_on_owner_id" ON "apets" ("owner_id")[0m
  [1m[35m (0.5ms)[0m  [1m[35mCREATE INDEX "tindex_apets_on_clinic_id" ON "apets" ("clinic_id")[0m
  [1m[35m (0.3ms)[0m  [1m[32mINSERT INTO "apets" ("id","name","breed","desc","owner_id","clinic_id","created_at","updated_at")
                     SELECT "id","name","breed","desc","owner_id","clinic_id","created_at","updated_at" FROM "pets"[0m
  [1m[35m (0.9ms)[0m  [1m[35mDROP TABLE "pets"[0m
  [1m[35m (0.5ms)[0m  [1m[35mCREATE TABLE "pets" ("id" integer NOT NULL PRIMARY KEY, "name" varchar DEFAULT NULL, "breed" varchar DEFAULT NULL, "desc" varchar DEFAULT NULL, "owner_id" integer NOT NULL, "clinic_id" integer NOT NULL, "created_at" datetime(6) NOT NULL, "updated_at" datetime(6) NOT NULL, CONSTRAINT "fk_rails_17fce83604"
FOREIGN KEY ("clinic_id")
  REFERENCES "clinics" ("id")
)[0m
  [1m[35m (0.2ms)[0m  [1m[35mCREATE INDEX "index_pets_on_clinic_id" ON "pets" ("clinic_id")[0m
  [1m[35m (0.2ms)[0m  [1m[35mCREATE INDEX "index_pets_on_owner_id" ON "pets" ("owner_id")[0m
  [1m[35m (0.2ms)[0m  [1m[32mINSERT INTO "pets" ("id","name","breed","desc","owner_id","clinic_id","created_at","updated_at")
                     SELECT "id","name","breed","desc","owner_id","clinic_id","created_at","updated_at" FROM "apets"[0m
  [1m[35m (0.4ms)[0m  [1m[35mDROP TABLE "apets"[0m
  [1m[35m (0.3ms)[0m  [1m[35mPRAGMA defer_foreign_keys = 0[0m
  [1m[35m (0.2ms)[0m  [1m[35mPRAGMA foreign_keys = 1[0m
  [1m[36mTRANSACTION (610.8ms)[0m  [1m[36mcommit transaction[0m
  [1m[36mTRANSACTION (0.1ms)[0m  [1m[36mbegin transaction[0m
  [1m[35m (0.2ms)[0m  [1m[35mPRAGMA foreign_keys[0m
  [1m[35m (0.2ms)[0m  [1m[35mPRAGMA defer_foreign_keys[0m
  [1m[35m (0.2ms)[0m  [1m[35mPRAGMA defer_foreign_keys = ON[0m
  [1m[35m (0.2ms)[0m  [1m[35mPRAGMA foreign_keys = OFF[0m
  [1m[35m (0.2ms)[0m  [1m[35mCREATE TEMPORARY TABLE "apets" ("id" integer NOT NULL PRIMARY KEY, "name" varchar DEFAULT NULL, "breed" varchar DEFAULT NULL, "desc" varchar DEFAULT NULL, "owner_id" integer NOT NULL, "clinic_id" integer NOT NULL, "created_at" datetime(6) NOT NULL, "updated_at" datetime(6) NOT NULL)[0m
  [1m[35m (0.7ms)[0m  [1m[35mCREATE INDEX "tindex_apets_on_owner_id" ON "apets" ("owner_id")[0m
  [1m[35m (0.3ms)[0m  [1m[35mCREATE INDEX "tindex_apets_on_clinic_id" ON "apets" ("clinic_id")[0m
  [1m[35m (0.2ms)[0m  [1m[32mINSERT INTO "apets" ("id","name","breed","desc","owner_id","clinic_id","created_at","updated_at")
                     SELECT "id","name","breed","desc","owner_id","clinic_id","created_at","updated_at" FROM "pets"[0m
  [1m[35m (0.7ms)[0m  [1m[35mDROP TABLE "pets"[0m
  [1m[35m (1.6ms)[0m  [1m[35mCREATE TABLE "pets" ("id" integer NOT NULL PRIMARY KEY, "name" varchar DEFAULT NULL, "breed" varchar DEFAULT NULL, "desc" varchar DEFAULT NULL, "owner_id" integer NOT NULL, "clinic_id" integer NOT NULL, "created_at" datetime(6) NOT NULL, "updated_at" datetime(6) NOT NULL, CONSTRAINT "fk_rails_17fce83604"
FOREIGN KEY ("clinic_id")
  REFERENCES "clinics" ("id")
, CONSTRAINT "fk_rails_1ff5d16ccb"
FOREIGN KEY ("owner_id")
  REFERENCES "owners" ("id")
)[0m
  [1m[35m (0.2ms)[0m  [1m[35mCREATE INDEX "index_pets_on_clinic_id" ON "pets" ("clinic_id")[0m
  [1m[35m (0.2ms)[0m  [1m[35mCREATE INDEX "index_pets_on_owner_id" ON "pets" ("owner_id")[0m
  [1m[35m (0.2ms)[0m  [1m[32mINSERT INTO "pets" ("id","name","breed","desc","owner_id","clinic_id","created_at","updated_at")
                     SELECT "id","name","breed","desc","owner_id","clinic_id","created_at","updated_at" FROM "apets"[0m
  [1m[35m (0.6ms)[0m  [1m[35mDROP TABLE "apets"[0m
  [1m[35m (0.8ms)[0m  [1m[35mPRAGMA defer_foreign_keys = 0[0m
  [1m[35m (0.2ms)[0m  [1m[35mPRAGMA foreign_keys = 1[0m
  [1m[36mTRANSACTION (11.2ms)[0m  [1m[36mcommit transaction[0m
  [1m[35m (12.3ms)[0m  [1m[35mCREATE TABLE "schema_migrations" ("version" varchar NOT NULL PRIMARY KEY)[0m
  [1m[35m (0.3ms)[0m  [1m[34mSELECT "schema_migrations"."version" FROM "schema_migrations" ORDER BY "schema_migrations"."version" ASC[0m
  [1m[35m (10.1ms)[0m  [1m[32mINSERT INTO "schema_migrations" (version) VALUES (20210626134621)[0m
  [1m[35m (15.1ms)[0m  [1m[32mINSERT INTO "schema_migrations" (version) VALUES
(20210626134123),
(20210626134213);

[0m
  [1m[35m (12.1ms)[0m  [1m[35mCREATE TABLE "ar_internal_metadata" ("key" varchar NOT NULL PRIMARY KEY, "value" varchar, "created_at" datetime(6) NOT NULL, "updated_at" datetime(6) NOT NULL)[0m
  [1m[36mActiveRecord::InternalMetadata Load (0.4ms)[0m  [1m[34mSELECT "ar_internal_metadata".* FROM "ar_internal_metadata" WHERE "ar_internal_metadata"."key" = ? LIMIT ?[0m  [["key", "environment"], ["LIMIT", 1]]
  [1m[36mTRANSACTION (0.1ms)[0m  [1m[36mbegin transaction[0m
  [1m[36mActiveRecord::InternalMetadata Create (0.7ms)[0m  [1m[32mINSERT INTO "ar_internal_metadata" ("key", "value", "created_at", "updated_at") VALUES (?, ?, ?, ?)[0m  [["key", "environment"], ["value", "development"], ["created_at", "2021-06-26 13:56:28.439069"], ["updated_at", "2021-06-26 13:56:28.439069"]]
  [1m[36mTRANSACTION (10.7ms)[0m  [1m[36mcommit transaction[0m
  [1m[36mActiveRecord::InternalMetadata Load (0.3ms)[0m  [1m[34mSELECT "ar_internal_metadata".* FROM "ar_internal_metadata" WHERE "ar_internal_metadata"."key" = ? LIMIT ?[0m  [["key", "environment"], ["LIMIT", 1]]
  [1m[36mActiveRecord::InternalMetadata Load (0.2ms)[0m  [1m[34mSELECT "ar_internal_metadata".* FROM "ar_internal_metadata" WHERE "ar_internal_metadata"."key" = ? LIMIT ?[0m  [["key", "schema_sha1"], ["LIMIT", 1]]
  [1m[36mTRANSACTION (0.1ms)[0m  [1m[36mbegin transaction[0m
  [1m[36mActiveRecord::InternalMetadata Create (0.8ms)[0m  [1m[32mINSERT INTO "ar_internal_metadata" ("key", "value", "created_at", "updated_at") VALUES (?, ?, ?, ?)[0m  [["key", "schema_sha1"], ["value", "58a42e5ebc8a73932f8c77fa673e3a22f67ab63d"], ["created_at", "2021-06-26 13:56:28.466394"], ["updated_at", "2021-06-26 13:56:28.466394"]]
  [1m[36mTRANSACTION (6.5ms)[0m  [1m[36mcommit transaction[0m
  [1m[35m (0.1ms)[0m  [1m[34mSELECT sqlite_version(*)[0m
  [1m[35m (0.6ms)[0m  [1m[35mDROP TABLE IF EXISTS "clinics"[0m
  [1m[35m (10.7ms)[0m  [1m[35mCREATE TABLE "clinics" ("id" integer PRIMARY KEY AUTOINCREMENT NOT NULL, "name" varchar, "addr" varchar, "created_at" datetime(6) NOT NULL, "updated_at" datetime(6) NOT NULL)[0m
  [1m[35m (0.2ms)[0m  [1m[35mDROP TABLE IF EXISTS "owners"[0m
  [1m[35m (8.4ms)[0m  [1m[35mCREATE TABLE "owners" ("id" integer PRIMARY KEY AUTOINCREMENT NOT NULL, "uid" varchar, "name" varchar, "email" varchar, "created_at" datetime(6) NOT NULL, "updated_at" datetime(6) NOT NULL)[0m
  [1m[35m (0.4ms)[0m  [1m[35mDROP TABLE IF EXISTS "pets"[0m
  [1m[35m (8.0ms)[0m  [1m[35mCREATE TABLE "pets" ("id" integer PRIMARY KEY AUTOINCREMENT NOT NULL, "name" varchar, "breed" varchar, "desc" varchar, "owner_id" integer NOT NULL, "clinic_id" integer NOT NULL, "created_at" datetime(6) NOT NULL, "updated_at" datetime(6) NOT NULL)[0m
  [1m[35m (12.6ms)[0m  [1m[35mCREATE INDEX "index_pets_on_clinic_id" ON "pets" ("clinic_id")[0m
  [1m[35m (9.8ms)[0m  [1m[35mCREATE INDEX "index_pets_on_owner_id" ON "pets" ("owner_id")[0m
  [1m[36mTRANSACTION (0.1ms)[0m  [1m[36mbegin transaction[0m
  [1m[35m (0.1ms)[0m  [1m[35mPRAGMA foreign_keys[0m
  [1m[35m (0.3ms)[0m  [1m[35mPRAGMA defer_foreign_keys[0m
  [1m[35m (0.1ms)[0m  [1m[35mPRAGMA defer_foreign_keys = ON[0m
  [1m[35m (0.3ms)[0m  [1m[35mPRAGMA foreign_keys = OFF[0m
  [1m[35m (0.2ms)[0m  [1m[35mCREATE TEMPORARY TABLE "apets" ("id" integer NOT NULL PRIMARY KEY, "name" varchar DEFAULT NULL, "breed" varchar DEFAULT NULL, "desc" varchar DEFAULT NULL, "owner_id" integer NOT NULL, "clinic_id" integer NOT NULL, "created_at" datetime(6) NOT NULL, "updated_at" datetime(6) NOT NULL)[0m
  [1m[35m (0.2ms)[0m  [1m[35mCREATE INDEX "tindex_apets_on_owner_id" ON "apets" ("owner_id")[0m
  [1m[35m (0.2ms)[0m  [1m[35mCREATE INDEX "tindex_apets_on_clinic_id" ON "apets" ("clinic_id")[0m
  [1m[35m (0.2ms)[0m  [1m[32mINSERT INTO "apets" ("id","name","breed","desc","owner_id","clinic_id","created_at","updated_at")
                     SELECT "id","name","breed","desc","owner_id","clinic_id","created_at","updated_at" FROM "pets"[0m
  [1m[35m (1.0ms)[0m  [1m[35mDROP TABLE "pets"[0m
  [1m[35m (0.3ms)[0m  [1m[35mCREATE TABLE "pets" ("id" integer NOT NULL PRIMARY KEY, "name" varchar DEFAULT NULL, "breed" varchar DEFAULT NULL, "desc" varchar DEFAULT NULL, "owner_id" integer NOT NULL, "clinic_id" integer NOT NULL, "created_at" datetime(6) NOT NULL, "updated_at" datetime(6) NOT NULL, CONSTRAINT "fk_rails_17fce83604"
FOREIGN KEY ("clinic_id")
  REFERENCES "clinics" ("id")
)[0m
  [1m[35m (0.2ms)[0m  [1m[35mCREATE INDEX "index_pets_on_clinic_id" ON "pets" ("clinic_id")[0m
  [1m[35m (0.2ms)[0m  [1m[35mCREATE INDEX "index_pets_on_owner_id" ON "pets" ("owner_id")[0m
  [1m[35m (0.1ms)[0m  [1m[32mINSERT INTO "pets" ("id","name","breed","desc","owner_id","clinic_id","created_at","updated_at")
                     SELECT "id","name","breed","desc","owner_id","clinic_id","created_at","updated_at" FROM "apets"[0m
  [1m[35m (0.2ms)[0m  [1m[35mDROP TABLE "apets"[0m
  [1m[35m (0.2ms)[0m  [1m[35mPRAGMA defer_foreign_keys = 0[0m
  [1m[35m (0.1ms)[0m  [1m[35mPRAGMA foreign_keys = 1[0m
  [1m[36mTRANSACTION (660.3ms)[0m  [1m[36mcommit transaction[0m
  [1m[36mTRANSACTION (0.2ms)[0m  [1m[36mbegin transaction[0m
  [1m[35m (0.1ms)[0m  [1m[35mPRAGMA foreign_keys[0m
  [1m[35m (0.2ms)[0m  [1m[35mPRAGMA defer_foreign_keys[0m
  [1m[35m (0.1ms)[0m  [1m[35mPRAGMA defer_foreign_keys = ON[0m
  [1m[35m (0.1ms)[0m  [1m[35mPRAGMA foreign_keys = OFF[0m
  [1m[35m (0.3ms)[0m  [1m[35mCREATE TEMPORARY TABLE "apets" ("id" integer NOT NULL PRIMARY KEY, "name" varchar DEFAULT NULL, "breed" varchar DEFAULT NULL, "desc" varchar DEFAULT NULL, "owner_id" integer NOT NULL, "clinic_id" integer NOT NULL, "created_at" datetime(6) NOT NULL, "updated_at" datetime(6) NOT NULL)[0m
  [1m[35m (0.2ms)[0m  [1m[35mCREATE INDEX "tindex_apets_on_owner_id" ON "apets" ("owner_id")[0m
  [1m[35m (0.3ms)[0m  [1m[35mCREATE INDEX "tindex_apets_on_clinic_id" ON "apets" ("clinic_id")[0m
  [1m[35m (0.1ms)[0m  [1m[32mINSERT INTO "apets" ("id","name","breed","desc","owner_id","clinic_id","created_at","updated_at")
                     SELECT "id","name","breed","desc","owner_id","clinic_id","created_at","updated_at" FROM "pets"[0m
  [1m[35m (0.7ms)[0m  [1m[35mDROP TABLE "pets"[0m
  [1m[35m (0.3ms)[0m  [1m[35mCREATE TABLE "pets" ("id" integer NOT NULL PRIMARY KEY, "name" varchar DEFAULT NULL, "breed" varchar DEFAULT NULL, "desc" varchar DEFAULT NULL, "owner_id" integer NOT NULL, "clinic_id" integer NOT NULL, "created_at" datetime(6) NOT NULL, "updated_at" datetime(6) NOT NULL, CONSTRAINT "fk_rails_17fce83604"
FOREIGN KEY ("clinic_id")
  REFERENCES "clinics" ("id")
, CONSTRAINT "fk_rails_1ff5d16ccb"
FOREIGN KEY ("owner_id")
  REFERENCES "owners" ("id")
)[0m
  [1m[35m (0.2ms)[0m  [1m[35mCREATE INDEX "index_pets_on_clinic_id" ON "pets" ("clinic_id")[0m
  [1m[35m (0.2ms)[0m  [1m[35mCREATE INDEX "index_pets_on_owner_id" ON "pets" ("owner_id")[0m
  [1m[35m (0.2ms)[0m  [1m[32mINSERT INTO "pets" ("id","name","breed","desc","owner_id","clinic_id","created_at","updated_at")
                     SELECT "id","name","breed","desc","owner_id","clinic_id","created_at","updated_at" FROM "apets"[0m
  [1m[35m (0.2ms)[0m  [1m[35mDROP TABLE "apets"[0m
  [1m[35m (0.2ms)[0m  [1m[35mPRAGMA defer_foreign_keys = 0[0m
  [1m[35m (0.2ms)[0m  [1m[35mPRAGMA foreign_keys = 1[0m
  [1m[36mTRANSACTION (7.0ms)[0m  [1m[36mcommit transaction[0m
  [1m[35m (12.5ms)[0m  [1m[35mCREATE TABLE "schema_migrations" ("version" varchar NOT NULL PRIMARY KEY)[0m
  [1m[35m (0.2ms)[0m  [1m[34mSELECT "schema_migrations"."version" FROM "schema_migrations" ORDER BY "schema_migrations"."version" ASC[0m
  [1m[35m (7.6ms)[0m  [1m[32mINSERT INTO "schema_migrations" (version) VALUES (20210626134621)[0m
  [1m[35m (12.7ms)[0m  [1m[32mINSERT INTO "schema_migrations" (version) VALUES
(20210626134123),
(20210626134213);

[0m
  [1m[35m (10.7ms)[0m  [1m[35mCREATE TABLE "ar_internal_metadata" ("key" varchar NOT NULL PRIMARY KEY, "value" varchar, "created_at" datetime(6) NOT NULL, "updated_at" datetime(6) NOT NULL)[0m
  [1m[36mActiveRecord::InternalMetadata Load (0.2ms)[0m  [1m[34mSELECT "ar_internal_metadata".* FROM "ar_internal_metadata" WHERE "ar_internal_metadata"."key" = ? LIMIT ?[0m  [["key", "environment"], ["LIMIT", 1]]
  [1m[36mTRANSACTION (0.1ms)[0m  [1m[36mbegin transaction[0m
  [1m[36mActiveRecord::InternalMetadata Create (0.6ms)[0m  [1m[32mINSERT INTO "ar_internal_metadata" ("key", "value", "created_at", "updated_at") VALUES (?, ?, ?, ?)[0m  [["key", "environment"], ["value", "development"], ["created_at", "2021-06-26 13:56:29.409975"], ["updated_at", "2021-06-26 13:56:29.409975"]]
  [1m[36mTRANSACTION (10.6ms)[0m  [1m[36mcommit transaction[0m
  [1m[36mActiveRecord::InternalMetadata Load (0.2ms)[0m  [1m[34mSELECT "ar_internal_metadata".* FROM "ar_internal_metadata" WHERE "ar_internal_metadata"."key" = ? LIMIT ?[0m  [["key", "environment"], ["LIMIT", 1]]
  [1m[36mTRANSACTION (0.1ms)[0m  [1m[36mbegin transaction[0m
  [1m[36mActiveRecord::InternalMetadata Update (0.6ms)[0m  [1m[33mUPDATE "ar_internal_metadata" SET "value" = ?, "updated_at" = ? WHERE "ar_internal_metadata"."key" = ?[0m  [["value", "test"], ["updated_at", "2021-06-26 13:56:29.435054"], ["key", "environment"]]
  [1m[36mTRANSACTION (11.0ms)[0m  [1m[36mcommit transaction[0m
  [1m[36mActiveRecord::InternalMetadata Load (0.2ms)[0m  [1m[34mSELECT "ar_internal_metadata".* FROM "ar_internal_metadata" WHERE "ar_internal_metadata"."key" = ? LIMIT ?[0m  [["key", "schema_sha1"], ["LIMIT", 1]]
  [1m[36mTRANSACTION (0.1ms)[0m  [1m[36mbegin transaction[0m
  [1m[36mActiveRecord::InternalMetadata Create (0.6ms)[0m  [1m[32mINSERT INTO "ar_internal_metadata" ("key", "value", "created_at", "updated_at") VALUES (?, ?, ?, ?)[0m  [["key", "schema_sha1"], ["value", "58a42e5ebc8a73932f8c77fa673e3a22f67ab63d"], ["created_at", "2021-06-26 13:56:29.464277"], ["updated_at", "2021-06-26 13:56:29.464277"]]
  [1m[36mTRANSACTION (10.4ms)[0m  [1m[36mcommit transaction[0m
  [1m[35m (0.2ms)[0m  [1m[34mSELECT sqlite_version(*)[0m
  [1m[35m (0.3ms)[0m  [1m[34mSELECT "schema_migrations"."version" FROM "schema_migrations" ORDER BY "schema_migrations"."version" ASC[0m
  [1m[35m (0.1ms)[0m  [1m[34mSELECT sqlite_version(*)[0m
  [1m[36mTRANSACTION (0.1ms)[0m  [1m[36mbegin transaction[0m
  [1m[36mClinic Create (0.7ms)[0m  [1m[32mINSERT INTO "clinics" ("name", "addr", "created_at", "updated_at") VALUES (?, ?, ?, ?)[0m  [["name", "Best clinic"], ["addr", "Baker Street"], ["created_at", "2021-06-26 13:56:29.526201"], ["updated_at", "2021-06-26 13:56:29.526201"]]
  [1m[36mTRANSACTION (8.0ms)[0m  [1m[36mcommit transaction[0m
  [1m[36mTRANSACTION (0.1ms)[0m  [1m[36mbegin transaction[0m
  [1m[36mClinic Create (0.6ms)[0m  [1m[32mINSERT INTO "clinics" ("name", "addr", "created_at", "updated_at") VALUES (?, ?, ?, ?)[0m  [["name", "Best clinic2"], ["addr", "Baker Street2"], ["created_at", "2021-06-26 13:56:29.543240"], ["updated_at", "2021-06-26 13:56:29.543240"]]
  [1m[36mTRANSACTION (8.7ms)[0m  [1m[36mcommit transaction[0m
  [1m[36mTRANSACTION (0.1ms)[0m  [1m[36mbegin transaction[0m
  [1m[36mOwner Create (0.6ms)[0m  [1m[32mINSERT INTO "owners" ("uid", "name", "email", "created_at", "updated_at") VALUES (?, ?, ?, ?, ?)[0m  [["uid", "test"], ["name", "owner1"], ["email", "owner1@owner"], ["created_at", "2021-06-26 13:56:29.574242"], ["updated_at", "2021-06-26 13:56:29.574242"]]
  [1m[36mTRANSACTION (11.3ms)[0m  [1m[36mcommit transaction[0m
  [1m[35m (0.8ms)[0m  [1m[34mSELECT sqlite_version(*)[0m
  [1m[35m (0.2ms)[0m  [1m[34mSELECT "schema_migrations"."version" FROM "schema_migrations" ORDER BY "schema_migrations"."version" ASC[0m
  [1m[36mActiveRecord::InternalMetadata Load (0.2ms)[0m  [1m[34mSELECT "ar_internal_metadata".* FROM "ar_internal_metadata" WHERE "ar_internal_metadata"."key" = ? LIMIT ?[0m  [["key", "environment"], ["LIMIT", 1]]
  [1m[35m (0.1ms)[0m  [1m[34mSELECT sqlite_version(*)[0m
  [1m[35m (0.3ms)[0m  [1m[34mSELECT "schema_migrations"."version" FROM "schema_migrations" ORDER BY "schema_migrations"."version" ASC[0m
  [1m[35m (0.6ms)[0m  [1m[34mSELECT sqlite_version(*)[0m
  [1m[35m (0.2ms)[0m  [1m[34mSELECT "schema_migrations"."version" FROM "schema_migrations" ORDER BY "schema_migrations"."version" ASC[0m
  [1m[35m (0.1ms)[0m  [1m[34mSELECT sqlite_version(*)[0m
  [1m[36mTRANSACTION (0.1ms)[0m  [1m[36mbegin transaction[0m
  [1m[36mClinic Create (0.6ms)[0m  [1m[32mINSERT INTO "clinics" ("name", "addr", "created_at", "updated_at") VALUES (?, ?, ?, ?)[0m  [["name", "Best clinic"], ["addr", "Baker Street"], ["created_at", "2021-06-26 13:59:05.065039"], ["updated_at", "2021-06-26 13:59:05.065039"]]
  [1m[36mTRANSACTION (9.6ms)[0m  [1m[36mcommit transaction[0m
  [1m[36mTRANSACTION (0.1ms)[0m  [1m[36mbegin transaction[0m
  [1m[36mClinic Create (0.6ms)[0m  [1m[32mINSERT INTO "clinics" ("name", "addr", "created_at", "updated_at") VALUES (?, ?, ?, ?)[0m  [["name", "Best clinic2"], ["addr", "Baker Street2"], ["created_at", "2021-06-26 13:59:05.083143"], ["updated_at", "2021-06-26 13:59:05.083143"]]
  [1m[36mTRANSACTION (10.2ms)[0m  [1m[36mcommit transaction[0m
  [1m[36mTRANSACTION (0.1ms)[0m  [1m[36mbegin transaction[0m
  [1m[36mOwner Create (0.6ms)[0m  [1m[32mINSERT INTO "owners" ("uid", "name", "email", "created_at", "updated_at") VALUES (?, ?, ?, ?, ?)[0m  [["uid", "test"], ["name", "owner1"], ["email", "owner1@owner"], ["created_at", "2021-06-26 13:59:05.109781"], ["updated_at", "2021-06-26 13:59:05.109781"]]
  [1m[36mTRANSACTION (9.3ms)[0m  [1m[36mcommit transaction[0m
Started GET "/pets" for ::1 at 2021-06-26 15:59:43 +0200
  [1m[35m (0.7ms)[0m  [1m[34mSELECT sqlite_version(*)[0m
  [1m[35m (0.3ms)[0m  [1m[34mSELECT "schema_migrations"."version" FROM "schema_migrations" ORDER BY "schema_migrations"."version" ASC[0m
Processing by PetsController#index as HTML
  [1m[36mPet Load (0.4ms)[0m  [1m[34mSELECT "pets".* FROM "pets"[0m
  ↳ app/controllers/pets_controller.rb:9:in `index'
Completed 200 OK in 26ms (Views: 3.1ms | ActiveRecord: 0.4ms | Allocations: 4155)


Started GET "/pets/1" for ::1 at 2021-06-26 15:59:54 +0200
Processing by PetsController#show as HTML
  Parameters: {"id"=>"1"}
  [1m[36mPet Load (0.3ms)[0m  [1m[34mSELECT "pets".* FROM "pets" WHERE "pets"."id" = ? LIMIT ?[0m  [["id", 1], ["LIMIT", 1]]
  ↳ app/controllers/pets_controller.rb:3:in `show'
Completed 404 Not Found in 18ms (ActiveRecord: 2.1ms | Allocations: 2526)


  
ActiveRecord::RecordNotFound (Couldn't find Pet with 'id'=1):
  
app/controllers/pets_controller.rb:3:in `show'
Started GET "/clinics" for ::1 at 2021-06-26 16:01:23 +0200
  
SyntaxError (/home/jcho/code/projects/react-redux-pet-management-system/pet-api/app/controllers/clinics_controller.rb:11: syntax error, unexpected `end', expecting end-of-input):
  
app/controllers/clinics_controller.rb:11: syntax error, unexpected `end', expecting end-of-input
app/controllers/clinics_controller.rb:11: syntax error, unexpected `end', expecting end-of-input
Started GET "/clinics" for ::1 at 2021-06-26 16:01:44 +0200
  
SyntaxError (/home/jcho/code/projects/react-redux-pet-management-system/pet-api/app/controllers/clinics_controller.rb:12: syntax error, unexpected `end', expecting end-of-input):
  
app/controllers/clinics_controller.rb:12: syntax error, unexpected `end', expecting end-of-input
app/controllers/clinics_controller.rb:12: syntax error, unexpected `end', expecting end-of-input
Started GET "/clinics" for ::1 at 2021-06-26 16:02:05 +0200
Processing by ClinicsController#index as HTML
  [1m[35m (0.4ms)[0m  [1m[34mSELECT sqlite_version(*)[0m
  ↳ app/controllers/clinics_controller.rb:9:in `index'
  [1m[36mClinic Load (8.1ms)[0m  [1m[34mSELECT "clinics".* FROM "clinics"[0m
  ↳ app/controllers/clinics_controller.rb:9:in `index'
Completed 200 OK in 88ms (Views: 68.2ms | ActiveRecord: 12.4ms | Allocations: 5981)


  [1m[35m (0.7ms)[0m  [1m[34mSELECT sqlite_version(*)[0m
  [1m[35m (0.3ms)[0m  [1m[34mSELECT "schema_migrations"."version" FROM "schema_migrations" ORDER BY "schema_migrations"."version" ASC[0m
  [1m[35m (0.5ms)[0m  [1m[34mSELECT "ar_internal_metadata"."value" FROM "ar_internal_metadata" WHERE "ar_internal_metadata"."key" = ?[0m  [["key", "environment"]]
  [1m[35m (0.1ms)[0m  [1m[34mSELECT "schema_migrations"."version" FROM "schema_migrations" ORDER BY "schema_migrations"."version" ASC[0m
  [1m[35m (0.2ms)[0m  [1m[34mSELECT "ar_internal_metadata"."value" FROM "ar_internal_metadata" WHERE "ar_internal_metadata"."key" = ?[0m  [["key", "environment"]]
  [1m[35m (0.2ms)[0m  [1m[34mSELECT "schema_migrations"."version" FROM "schema_migrations" ORDER BY "schema_migrations"."version" ASC[0m
  [1m[35m (0.1ms)[0m  [1m[34mSELECT "ar_internal_metadata"."value" FROM "ar_internal_metadata" WHERE "ar_internal_metadata"."key" = ?[0m  [["key", "environment"]]
  [1m[35m (2.6ms)[0m  [1m[34mSELECT sqlite_version(*)[0m
  [1m[35m (0.3ms)[0m  [1m[34mSELECT sqlite_version(*)[0m
  [1m[35m (0.2ms)[0m  [1m[34mSELECT sqlite_version(*)[0m
  [1m[35m (0.2ms)[0m  [1m[35mDROP TABLE IF EXISTS "clinics"[0m
  [1m[35m (36.2ms)[0m  [1m[35mCREATE TABLE "clinics" ("id" integer PRIMARY KEY AUTOINCREMENT NOT NULL, "name" varchar, "addr" varchar, "created_at" datetime(6) NOT NULL, "updated_at" datetime(6) NOT NULL)[0m
  [1m[35m (0.4ms)[0m  [1m[35mDROP TABLE IF EXISTS "owners"[0m
  [1m[35m (16.2ms)[0m  [1m[35mCREATE TABLE "owners" ("id" integer PRIMARY KEY AUTOINCREMENT NOT NULL, "uid" varchar, "name" varchar, "email" varchar, "created_at" datetime(6) NOT NULL, "updated_at" datetime(6) NOT NULL)[0m
  [1m[35m (0.2ms)[0m  [1m[35mDROP TABLE IF EXISTS "pets"[0m
  [1m[35m (17.0ms)[0m  [1m[35mCREATE TABLE "pets" ("id" integer PRIMARY KEY AUTOINCREMENT NOT NULL, "name" varchar, "breed" varchar, "desc" varchar, "owner_id" integer NOT NULL, "clinic_id" integer NOT NULL, "created_at" datetime(6) NOT NULL, "updated_at" datetime(6) NOT NULL)[0m
  [1m[35m (12.6ms)[0m  [1m[35mCREATE INDEX "index_pets_on_clinic_id" ON "pets" ("clinic_id")[0m
  [1m[35m (11.3ms)[0m  [1m[35mCREATE INDEX "index_pets_on_owner_id" ON "pets" ("owner_id")[0m
  [1m[36mTRANSACTION (0.1ms)[0m  [1m[36mbegin transaction[0m
  [1m[35m (0.2ms)[0m  [1m[35mPRAGMA foreign_keys[0m
  [1m[35m (0.2ms)[0m  [1m[35mPRAGMA defer_foreign_keys[0m
  [1m[35m (0.1ms)[0m  [1m[35mPRAGMA defer_foreign_keys = ON[0m
  [1m[35m (0.1ms)[0m  [1m[35mPRAGMA foreign_keys = OFF[0m
  [1m[35m (0.3ms)[0m  [1m[35mCREATE TEMPORARY TABLE "apets" ("id" integer NOT NULL PRIMARY KEY, "name" varchar DEFAULT NULL, "breed" varchar DEFAULT NULL, "desc" varchar DEFAULT NULL, "owner_id" integer NOT NULL, "clinic_id" integer NOT NULL, "created_at" datetime(6) NOT NULL, "updated_at" datetime(6) NOT NULL)[0m
  [1m[35m (0.2ms)[0m  [1m[35mCREATE INDEX "tindex_apets_on_owner_id" ON "apets" ("owner_id")[0m
  [1m[35m (0.2ms)[0m  [1m[35mCREATE INDEX "tindex_apets_on_clinic_id" ON "apets" ("clinic_id")[0m
  [1m[35m (0.1ms)[0m  [1m[32mINSERT INTO "apets" ("id","name","breed","desc","owner_id","clinic_id","created_at","updated_at")
                     SELECT "id","name","breed","desc","owner_id","clinic_id","created_at","updated_at" FROM "pets"[0m
  [1m[35m (0.7ms)[0m  [1m[35mDROP TABLE "pets"[0m
  [1m[35m (0.4ms)[0m  [1m[35mCREATE TABLE "pets" ("id" integer NOT NULL PRIMARY KEY, "name" varchar DEFAULT NULL, "breed" varchar DEFAULT NULL, "desc" varchar DEFAULT NULL, "owner_id" integer NOT NULL, "clinic_id" integer NOT NULL, "created_at" datetime(6) NOT NULL, "updated_at" datetime(6) NOT NULL, CONSTRAINT "fk_rails_17fce83604"
FOREIGN KEY ("clinic_id")
  REFERENCES "clinics" ("id")
)[0m
  [1m[35m (0.4ms)[0m  [1m[35mCREATE INDEX "index_pets_on_clinic_id" ON "pets" ("clinic_id")[0m
  [1m[35m (0.3ms)[0m  [1m[35mCREATE INDEX "index_pets_on_owner_id" ON "pets" ("owner_id")[0m
  [1m[35m (0.2ms)[0m  [1m[32mINSERT INTO "pets" ("id","name","breed","desc","owner_id","clinic_id","created_at","updated_at")
                     SELECT "id","name","breed","desc","owner_id","clinic_id","created_at","updated_at" FROM "apets"[0m
  [1m[35m (0.3ms)[0m  [1m[35mDROP TABLE "apets"[0m
  [1m[35m (0.1ms)[0m  [1m[35mPRAGMA defer_foreign_keys = 0[0m
  [1m[35m (0.2ms)[0m  [1m[35mPRAGMA foreign_keys = 1[0m
  [1m[36mTRANSACTION (16.2ms)[0m  [1m[36mcommit transaction[0m
  [1m[36mTRANSACTION (0.1ms)[0m  [1m[36mbegin transaction[0m
  [1m[35m (0.2ms)[0m  [1m[35mPRAGMA foreign_keys[0m
  [1m[35m (0.2ms)[0m  [1m[35mPRAGMA defer_foreign_keys[0m
  [1m[35m (0.1ms)[0m  [1m[35mPRAGMA defer_foreign_keys = ON[0m
  [1m[35m (0.1ms)[0m  [1m[35mPRAGMA foreign_keys = OFF[0m
  [1m[35m (0.3ms)[0m  [1m[35mCREATE TEMPORARY TABLE "apets" ("id" integer NOT NULL PRIMARY KEY, "name" varchar DEFAULT NULL, "breed" varchar DEFAULT NULL, "desc" varchar DEFAULT NULL, "owner_id" integer NOT NULL, "clinic_id" integer NOT NULL, "created_at" datetime(6) NOT NULL, "updated_at" datetime(6) NOT NULL)[0m
  [1m[35m (0.3ms)[0m  [1m[35mCREATE INDEX "tindex_apets_on_owner_id" ON "apets" ("owner_id")[0m
  [1m[35m (0.3ms)[0m  [1m[35mCREATE INDEX "tindex_apets_on_clinic_id" ON "apets" ("clinic_id")[0m
  [1m[35m (0.2ms)[0m  [1m[32mINSERT INTO "apets" ("id","name","breed","desc","owner_id","clinic_id","created_at","updated_at")
                     SELECT "id","name","breed","desc","owner_id","clinic_id","created_at","updated_at" FROM "pets"[0m
  [1m[35m (1.0ms)[0m  [1m[35mDROP TABLE "pets"[0m
  [1m[35m (0.3ms)[0m  [1m[35mCREATE TABLE "pets" ("id" integer NOT NULL PRIMARY KEY, "name" varchar DEFAULT NULL, "breed" varchar DEFAULT NULL, "desc" varchar DEFAULT NULL, "owner_id" integer NOT NULL, "clinic_id" integer NOT NULL, "created_at" datetime(6) NOT NULL, "updated_at" datetime(6) NOT NULL, CONSTRAINT "fk_rails_17fce83604"
FOREIGN KEY ("clinic_id")
  REFERENCES "clinics" ("id")
, CONSTRAINT "fk_rails_1ff5d16ccb"
FOREIGN KEY ("owner_id")
  REFERENCES "owners" ("id")
)[0m
  [1m[35m (0.3ms)[0m  [1m[35mCREATE INDEX "index_pets_on_clinic_id" ON "pets" ("clinic_id")[0m
  [1m[35m (0.2ms)[0m  [1m[35mCREATE INDEX "index_pets_on_owner_id" ON "pets" ("owner_id")[0m
  [1m[35m (0.1ms)[0m  [1m[32mINSERT INTO "pets" ("id","name","breed","desc","owner_id","clinic_id","created_at","updated_at")
                     SELECT "id","name","breed","desc","owner_id","clinic_id","created_at","updated_at" FROM "apets"[0m
  [1m[35m (0.2ms)[0m  [1m[35mDROP TABLE "apets"[0m
  [1m[35m (0.2ms)[0m  [1m[35mPRAGMA defer_foreign_keys = 0[0m
  [1m[35m (0.2ms)[0m  [1m[35mPRAGMA foreign_keys = 1[0m
  [1m[36mTRANSACTION (13.2ms)[0m  [1m[36mcommit transaction[0m
  [1m[35m (14.1ms)[0m  [1m[35mCREATE TABLE "schema_migrations" ("version" varchar NOT NULL PRIMARY KEY)[0m
  [1m[35m (0.3ms)[0m  [1m[34mSELECT "schema_migrations"."version" FROM "schema_migrations" ORDER BY "schema_migrations"."version" ASC[0m
  [1m[35m (13.3ms)[0m  [1m[32mINSERT INTO "schema_migrations" (version) VALUES (20210626134621)[0m
  [1m[35m (12.7ms)[0m  [1m[32mINSERT INTO "schema_migrations" (version) VALUES
(20210626134123),
(20210626134213);

[0m
  [1m[35m (11.8ms)[0m  [1m[35mCREATE TABLE "ar_internal_metadata" ("key" varchar NOT NULL PRIMARY KEY, "value" varchar, "created_at" datetime(6) NOT NULL, "updated_at" datetime(6) NOT NULL)[0m
  [1m[36mActiveRecord::InternalMetadata Load (0.4ms)[0m  [1m[34mSELECT "ar_internal_metadata".* FROM "ar_internal_metadata" WHERE "ar_internal_metadata"."key" = ? LIMIT ?[0m  [["key", "environment"], ["LIMIT", 1]]
  [1m[36mTRANSACTION (0.1ms)[0m  [1m[36mbegin transaction[0m
  [1m[36mActiveRecord::InternalMetadata Create (0.9ms)[0m  [1m[32mINSERT INTO "ar_internal_metadata" ("key", "value", "created_at", "updated_at") VALUES (?, ?, ?, ?)[0m  [["key", "environment"], ["value", "development"], ["created_at", "2021-06-26 14:03:13.283073"], ["updated_at", "2021-06-26 14:03:13.283073"]]
  [1m[36mTRANSACTION (10.7ms)[0m  [1m[36mcommit transaction[0m
  [1m[36mActiveRecord::InternalMetadata Load (0.2ms)[0m  [1m[34mSELECT "ar_internal_metadata".* FROM "ar_internal_metadata" WHERE "ar_internal_metadata"."key" = ? LIMIT ?[0m  [["key", "environment"], ["LIMIT", 1]]
  [1m[36mActiveRecord::InternalMetadata Load (0.2ms)[0m  [1m[34mSELECT "ar_internal_metadata".* FROM "ar_internal_metadata" WHERE "ar_internal_metadata"."key" = ? LIMIT ?[0m  [["key", "schema_sha1"], ["LIMIT", 1]]
  [1m[36mTRANSACTION (0.1ms)[0m  [1m[36mbegin transaction[0m
  [1m[36mActiveRecord::InternalMetadata Create (0.6ms)[0m  [1m[32mINSERT INTO "ar_internal_metadata" ("key", "value", "created_at", "updated_at") VALUES (?, ?, ?, ?)[0m  [["key", "schema_sha1"], ["value", "58a42e5ebc8a73932f8c77fa673e3a22f67ab63d"], ["created_at", "2021-06-26 14:03:13.316156"], ["updated_at", "2021-06-26 14:03:13.316156"]]
  [1m[36mTRANSACTION (10.2ms)[0m  [1m[36mcommit transaction[0m
  [1m[35m (0.1ms)[0m  [1m[34mSELECT sqlite_version(*)[0m
  [1m[35m (0.2ms)[0m  [1m[35mDROP TABLE IF EXISTS "clinics"[0m
  [1m[35m (16.5ms)[0m  [1m[35mCREATE TABLE "clinics" ("id" integer PRIMARY KEY AUTOINCREMENT NOT NULL, "name" varchar, "addr" varchar, "created_at" datetime(6) NOT NULL, "updated_at" datetime(6) NOT NULL)[0m
  [1m[35m (0.2ms)[0m  [1m[35mDROP TABLE IF EXISTS "owners"[0m
  [1m[35m (11.3ms)[0m  [1m[35mCREATE TABLE "owners" ("id" integer PRIMARY KEY AUTOINCREMENT NOT NULL, "uid" varchar, "name" varchar, "email" varchar, "created_at" datetime(6) NOT NULL, "updated_at" datetime(6) NOT NULL)[0m
  [1m[35m (0.3ms)[0m  [1m[35mDROP TABLE IF EXISTS "pets"[0m
  [1m[35m (9.0ms)[0m  [1m[35mCREATE TABLE "pets" ("id" integer PRIMARY KEY AUTOINCREMENT NOT NULL, "name" varchar, "breed" varchar, "desc" varchar, "owner_id" integer NOT NULL, "clinic_id" integer NOT NULL, "created_at" datetime(6) NOT NULL, "updated_at" datetime(6) NOT NULL)[0m
  [1m[35m (10.7ms)[0m  [1m[35mCREATE INDEX "index_pets_on_clinic_id" ON "pets" ("clinic_id")[0m
  [1m[35m (10.8ms)[0m  [1m[35mCREATE INDEX "index_pets_on_owner_id" ON "pets" ("owner_id")[0m
  [1m[36mTRANSACTION (0.0ms)[0m  [1m[36mbegin transaction[0m
  [1m[35m (0.1ms)[0m  [1m[35mPRAGMA foreign_keys[0m
  [1m[35m (0.2ms)[0m  [1m[35mPRAGMA defer_foreign_keys[0m
  [1m[35m (0.1ms)[0m  [1m[35mPRAGMA defer_foreign_keys = ON[0m
  [1m[35m (0.2ms)[0m  [1m[35mPRAGMA foreign_keys = OFF[0m
  [1m[35m (0.3ms)[0m  [1m[35mCREATE TEMPORARY TABLE "apets" ("id" integer NOT NULL PRIMARY KEY, "name" varchar DEFAULT NULL, "breed" varchar DEFAULT NULL, "desc" varchar DEFAULT NULL, "owner_id" integer NOT NULL, "clinic_id" integer NOT NULL, "created_at" datetime(6) NOT NULL, "updated_at" datetime(6) NOT NULL)[0m
  [1m[35m (0.2ms)[0m  [1m[35mCREATE INDEX "tindex_apets_on_owner_id" ON "apets" ("owner_id")[0m
  [1m[35m (0.2ms)[0m  [1m[35mCREATE INDEX "tindex_apets_on_clinic_id" ON "apets" ("clinic_id")[0m
  [1m[35m (0.1ms)[0m  [1m[32mINSERT INTO "apets" ("id","name","breed","desc","owner_id","clinic_id","created_at","updated_at")
                     SELECT "id","name","breed","desc","owner_id","clinic_id","created_at","updated_at" FROM "pets"[0m
  [1m[35m (0.7ms)[0m  [1m[35mDROP TABLE "pets"[0m
  [1m[35m (0.2ms)[0m  [1m[35mCREATE TABLE "pets" ("id" integer NOT NULL PRIMARY KEY, "name" varchar DEFAULT NULL, "breed" varchar DEFAULT NULL, "desc" varchar DEFAULT NULL, "owner_id" integer NOT NULL, "clinic_id" integer NOT NULL, "created_at" datetime(6) NOT NULL, "updated_at" datetime(6) NOT NULL, CONSTRAINT "fk_rails_17fce83604"
FOREIGN KEY ("clinic_id")
  REFERENCES "clinics" ("id")
)[0m
  [1m[35m (0.2ms)[0m  [1m[35mCREATE INDEX "index_pets_on_clinic_id" ON "pets" ("clinic_id")[0m
  [1m[35m (0.2ms)[0m  [1m[35mCREATE INDEX "index_pets_on_owner_id" ON "pets" ("owner_id")[0m
  [1m[35m (0.3ms)[0m  [1m[32mINSERT INTO "pets" ("id","name","breed","desc","owner_id","clinic_id","created_at","updated_at")
                     SELECT "id","name","breed","desc","owner_id","clinic_id","created_at","updated_at" FROM "apets"[0m
  [1m[35m (0.4ms)[0m  [1m[35mDROP TABLE "apets"[0m
  [1m[35m (0.2ms)[0m  [1m[35mPRAGMA defer_foreign_keys = 0[0m
  [1m[35m (0.1ms)[0m  [1m[35mPRAGMA foreign_keys = 1[0m
  [1m[36mTRANSACTION (6.7ms)[0m  [1m[36mcommit transaction[0m
  [1m[36mTRANSACTION (0.1ms)[0m  [1m[36mbegin transaction[0m
  [1m[35m (0.1ms)[0m  [1m[35mPRAGMA foreign_keys[0m
  [1m[35m (0.1ms)[0m  [1m[35mPRAGMA defer_foreign_keys[0m
  [1m[35m (0.1ms)[0m  [1m[35mPRAGMA defer_foreign_keys = ON[0m
  [1m[35m (0.2ms)[0m  [1m[35mPRAGMA foreign_keys = OFF[0m
  [1m[35m (0.2ms)[0m  [1m[35mCREATE TEMPORARY TABLE "apets" ("id" integer NOT NULL PRIMARY KEY, "name" varchar DEFAULT NULL, "breed" varchar DEFAULT NULL, "desc" varchar DEFAULT NULL, "owner_id" integer NOT NULL, "clinic_id" integer NOT NULL, "created_at" datetime(6) NOT NULL, "updated_at" datetime(6) NOT NULL)[0m
  [1m[35m (0.2ms)[0m  [1m[35mCREATE INDEX "tindex_apets_on_owner_id" ON "apets" ("owner_id")[0m
  [1m[35m (0.2ms)[0m  [1m[35mCREATE INDEX "tindex_apets_on_clinic_id" ON "apets" ("clinic_id")[0m
  [1m[35m (0.1ms)[0m  [1m[32mINSERT INTO "apets" ("id","name","breed","desc","owner_id","clinic_id","created_at","updated_at")
                     SELECT "id","name","breed","desc","owner_id","clinic_id","created_at","updated_at" FROM "pets"[0m
  [1m[35m (0.7ms)[0m  [1m[35mDROP TABLE "pets"[0m
  [1m[35m (0.4ms)[0m  [1m[35mCREATE TABLE "pets" ("id" integer NOT NULL PRIMARY KEY, "name" varchar DEFAULT NULL, "breed" varchar DEFAULT NULL, "desc" varchar DEFAULT NULL, "owner_id" integer NOT NULL, "clinic_id" integer NOT NULL, "created_at" datetime(6) NOT NULL, "updated_at" datetime(6) NOT NULL, CONSTRAINT "fk_rails_17fce83604"
FOREIGN KEY ("clinic_id")
  REFERENCES "clinics" ("id")
, CONSTRAINT "fk_rails_1ff5d16ccb"
FOREIGN KEY ("owner_id")
  REFERENCES "owners" ("id")
)[0m
  [1m[35m (0.2ms)[0m  [1m[35mCREATE INDEX "index_pets_on_clinic_id" ON "pets" ("clinic_id")[0m
  [1m[35m (0.2ms)[0m  [1m[35mCREATE INDEX "index_pets_on_owner_id" ON "pets" ("owner_id")[0m
  [1m[35m (0.1ms)[0m  [1m[32mINSERT INTO "pets" ("id","name","breed","desc","owner_id","clinic_id","created_at","updated_at")
                     SELECT "id","name","breed","desc","owner_id","clinic_id","created_at","updated_at" FROM "apets"[0m
  [1m[35m (0.2ms)[0m  [1m[35mDROP TABLE "apets"[0m
  [1m[35m (0.1ms)[0m  [1m[35mPRAGMA defer_foreign_keys = 0[0m
  [1m[35m (0.1ms)[0m  [1m[35mPRAGMA foreign_keys = 1[0m
  [1m[36mTRANSACTION (13.0ms)[0m  [1m[36mcommit transaction[0m
  [1m[35m (11.6ms)[0m  [1m[35mCREATE TABLE "schema_migrations" ("version" varchar NOT NULL PRIMARY KEY)[0m
  [1m[35m (0.3ms)[0m  [1m[34mSELECT "schema_migrations"."version" FROM "schema_migrations" ORDER BY "schema_migrations"."version" ASC[0m
  [1m[35m (10.0ms)[0m  [1m[32mINSERT INTO "schema_migrations" (version) VALUES (20210626134621)[0m
  [1m[35m (8.6ms)[0m  [1m[32mINSERT INTO "schema_migrations" (version) VALUES
(20210626134123),
(20210626134213);

[0m
  [1m[35m (10.2ms)[0m  [1m[35mCREATE TABLE "ar_internal_metadata" ("key" varchar NOT NULL PRIMARY KEY, "value" varchar, "created_at" datetime(6) NOT NULL, "updated_at" datetime(6) NOT NULL)[0m
  [1m[36mActiveRecord::InternalMetadata Load (0.3ms)[0m  [1m[34mSELECT "ar_internal_metadata".* FROM "ar_internal_metadata" WHERE "ar_internal_metadata"."key" = ? LIMIT ?[0m  [["key", "environment"], ["LIMIT", 1]]
  [1m[36mTRANSACTION (0.1ms)[0m  [1m[36mbegin transaction[0m
  [1m[36mActiveRecord::InternalMetadata Create (0.6ms)[0m  [1m[32mINSERT INTO "ar_internal_metadata" ("key", "value", "created_at", "updated_at") VALUES (?, ?, ?, ?)[0m  [["key", "environment"], ["value", "development"], ["created_at", "2021-06-26 14:03:13.606390"], ["updated_at", "2021-06-26 14:03:13.606390"]]
  [1m[36mTRANSACTION (7.5ms)[0m  [1m[36mcommit transaction[0m
  [1m[36mActiveRecord::InternalMetadata Load (0.2ms)[0m  [1m[34mSELECT "ar_internal_metadata".* FROM "ar_internal_metadata" WHERE "ar_internal_metadata"."key" = ? LIMIT ?[0m  [["key", "environment"], ["LIMIT", 1]]
  [1m[36mTRANSACTION (0.1ms)[0m  [1m[36mbegin transaction[0m
  [1m[36mActiveRecord::InternalMetadata Update (0.6ms)[0m  [1m[33mUPDATE "ar_internal_metadata" SET "value" = ?, "updated_at" = ? WHERE "ar_internal_metadata"."key" = ?[0m  [["value", "test"], ["updated_at", "2021-06-26 14:03:13.627132"], ["key", "environment"]]
  [1m[36mTRANSACTION (9.1ms)[0m  [1m[36mcommit transaction[0m
  [1m[36mActiveRecord::InternalMetadata Load (0.2ms)[0m  [1m[34mSELECT "ar_internal_metadata".* FROM "ar_internal_metadata" WHERE "ar_internal_metadata"."key" = ? LIMIT ?[0m  [["key", "schema_sha1"], ["LIMIT", 1]]
  [1m[36mTRANSACTION (0.1ms)[0m  [1m[36mbegin transaction[0m
  [1m[36mActiveRecord::InternalMetadata Create (0.5ms)[0m  [1m[32mINSERT INTO "ar_internal_metadata" ("key", "value", "created_at", "updated_at") VALUES (?, ?, ?, ?)[0m  [["key", "schema_sha1"], ["value", "58a42e5ebc8a73932f8c77fa673e3a22f67ab63d"], ["created_at", "2021-06-26 14:03:13.650936"], ["updated_at", "2021-06-26 14:03:13.650936"]]
  [1m[36mTRANSACTION (13.1ms)[0m  [1m[36mcommit transaction[0m
  [1m[35m (0.1ms)[0m  [1m[34mSELECT sqlite_version(*)[0m
  [1m[35m (0.3ms)[0m  [1m[34mSELECT "schema_migrations"."version" FROM "schema_migrations" ORDER BY "schema_migrations"."version" ASC[0m
  [1m[35m (0.1ms)[0m  [1m[34mSELECT sqlite_version(*)[0m
  [1m[36mTRANSACTION (0.1ms)[0m  [1m[36mbegin transaction[0m
  [1m[36mClinic Create (0.6ms)[0m  [1m[32mINSERT INTO "clinics" ("name", "addr", "created_at", "updated_at") VALUES (?, ?, ?, ?)[0m  [["name", "Best clinic"], ["addr", "Baker Street"], ["created_at", "2021-06-26 14:03:13.709006"], ["updated_at", "2021-06-26 14:03:13.709006"]]
  [1m[36mTRANSACTION (427.0ms)[0m  [1m[36mcommit transaction[0m
  [1m[36mTRANSACTION (0.1ms)[0m  [1m[36mbegin transaction[0m
  [1m[36mClinic Create (1.3ms)[0m  [1m[32mINSERT INTO "clinics" ("name", "addr", "created_at", "updated_at") VALUES (?, ?, ?, ?)[0m  [["name", "Best clinic2"], ["addr", "Baker Street2"], ["created_at", "2021-06-26 14:03:14.147886"], ["updated_at", "2021-06-26 14:03:14.147886"]]
  [1m[36mTRANSACTION (11.3ms)[0m  [1m[36mcommit transaction[0m
  [1m[36mTRANSACTION (0.2ms)[0m  [1m[36mbegin transaction[0m
  [1m[36mOwner Create (0.7ms)[0m  [1m[32mINSERT INTO "owners" ("uid", "name", "email", "created_at", "updated_at") VALUES (?, ?, ?, ?, ?)[0m  [["uid", "test"], ["name", "owner1"], ["email", "owner1@owner"], ["created_at", "2021-06-26 14:03:14.197668"], ["updated_at", "2021-06-26 14:03:14.197668"]]
  [1m[36mTRANSACTION (14.8ms)[0m  [1m[36mcommit transaction[0m
Started GET "/clinics" for ::1 at 2021-06-26 16:03:17 +0200
Processing by ClinicsController#index as HTML
  [1m[36mClinic Load (0.4ms)[0m  [1m[34mSELECT "clinics".* FROM "clinics"[0m
  ↳ app/controllers/clinics_controller.rb:9:in `index'
Completed 200 OK in 7ms (Views: 5.4ms | ActiveRecord: 0.4ms | Allocations: 906)


Started GET "/clinics" for ::1 at 2021-06-26 16:03:19 +0200
Processing by ClinicsController#index as HTML
  [1m[36mClinic Load (0.3ms)[0m  [1m[34mSELECT "clinics".* FROM "clinics"[0m
  ↳ app/controllers/clinics_controller.rb:9:in `index'
Completed 200 OK in 12ms (Views: 11.5ms | ActiveRecord: 0.3ms | Allocations: 903)


Started GET "/clinics" for ::1 at 2021-06-26 16:03:19 +0200
Processing by ClinicsController#index as HTML
  [1m[36mClinic Load (0.4ms)[0m  [1m[34mSELECT "clinics".* FROM "clinics"[0m
  ↳ app/controllers/clinics_controller.rb:9:in `index'
Completed 200 OK in 13ms (Views: 11.7ms | ActiveRecord: 0.4ms | Allocations: 919)


Started GET "/clinics" for ::1 at 2021-06-26 16:03:20 +0200
Processing by ClinicsController#index as HTML
  [1m[36mClinic Load (0.3ms)[0m  [1m[34mSELECT "clinics".* FROM "clinics"[0m
  ↳ app/controllers/clinics_controller.rb:9:in `index'
Completed 200 OK in 5ms (Views: 3.6ms | ActiveRecord: 0.3ms | Allocations: 903)


Started GET "/clinics" for ::1 at 2021-06-26 16:03:20 +0200
Processing by ClinicsController#index as HTML
  [1m[36mClinic Load (0.4ms)[0m  [1m[34mSELECT "clinics".* FROM "clinics"[0m
  ↳ app/controllers/clinics_controller.rb:9:in `index'
Completed 200 OK in 5ms (Views: 3.9ms | ActiveRecord: 0.4ms | Allocations: 918)


Started GET "/clinics" for ::1 at 2021-06-26 16:03:20 +0200
Processing by ClinicsController#index as HTML
  [1m[36mClinic Load (0.4ms)[0m  [1m[34mSELECT "clinics".* FROM "clinics"[0m
  ↳ app/controllers/clinics_controller.rb:9:in `index'
Completed 200 OK in 6ms (Views: 4.7ms | ActiveRecord: 0.4ms | Allocations: 903)


Started GET "/clinics" for ::1 at 2021-06-26 16:03:20 +0200
Processing by ClinicsController#index as HTML
  [1m[36mClinic Load (0.3ms)[0m  [1m[34mSELECT "clinics".* FROM "clinics"[0m
  ↳ app/controllers/clinics_controller.rb:9:in `index'
Completed 200 OK in 5ms (Views: 3.7ms | ActiveRecord: 0.3ms | Allocations: 903)


Started GET "/clinics" for ::1 at 2021-06-26 16:03:20 +0200
Processing by ClinicsController#index as HTML
  [1m[36mClinic Load (0.2ms)[0m  [1m[34mSELECT "clinics".* FROM "clinics"[0m
  ↳ app/controllers/clinics_controller.rb:9:in `index'
Completed 200 OK in 5ms (Views: 3.7ms | ActiveRecord: 0.2ms | Allocations: 903)


Started GET "/clinics" for ::1 at 2021-06-26 16:03:21 +0200
Processing by ClinicsController#index as HTML
  [1m[36mClinic Load (0.3ms)[0m  [1m[34mSELECT "clinics".* FROM "clinics"[0m
  ↳ app/controllers/clinics_controller.rb:9:in `index'
Completed 200 OK in 5ms (Views: 4.0ms | ActiveRecord: 0.3ms | Allocations: 903)


Started GET "/clinics" for ::1 at 2021-06-26 16:03:21 +0200
Processing by ClinicsController#index as HTML
  [1m[36mClinic Load (0.4ms)[0m  [1m[34mSELECT "clinics".* FROM "clinics"[0m
  ↳ app/controllers/clinics_controller.rb:9:in `index'
Completed 200 OK in 5ms (Views: 3.8ms | ActiveRecord: 0.4ms | Allocations: 903)


Started GET "/clinics" for ::1 at 2021-06-26 16:03:21 +0200
Processing by ClinicsController#index as HTML
  [1m[36mClinic Load (0.4ms)[0m  [1m[34mSELECT "clinics".* FROM "clinics"[0m
  ↳ app/controllers/clinics_controller.rb:9:in `index'
Completed 200 OK in 6ms (Views: 4.2ms | ActiveRecord: 0.4ms | Allocations: 903)


Started GET "/clinics" for ::1 at 2021-06-26 16:03:21 +0200
Processing by ClinicsController#index as HTML
  [1m[36mClinic Load (0.3ms)[0m  [1m[34mSELECT "clinics".* FROM "clinics"[0m
  ↳ app/controllers/clinics_controller.rb:9:in `index'
Completed 200 OK in 11ms (Views: 10.2ms | ActiveRecord: 0.3ms | Allocations: 903)


Started GET "/clinics" for ::1 at 2021-06-26 16:03:21 +0200
Processing by ClinicsController#index as HTML
  [1m[36mClinic Load (0.4ms)[0m  [1m[34mSELECT "clinics".* FROM "clinics"[0m
  ↳ app/controllers/clinics_controller.rb:9:in `index'
Completed 200 OK in 10ms (Views: 9.3ms | ActiveRecord: 0.4ms | Allocations: 903)


  [1m[35m (1.1ms)[0m  [1m[34mSELECT sqlite_version(*)[0m
  [1m[35m (0.2ms)[0m  [1m[34mSELECT "schema_migrations"."version" FROM "schema_migrations" ORDER BY "schema_migrations"."version" ASC[0m
  [1m[35m (0.2ms)[0m  [1m[34mSELECT "ar_internal_metadata"."value" FROM "ar_internal_metadata" WHERE "ar_internal_metadata"."key" = ?[0m  [["key", "environment"]]
  [1m[35m (0.2ms)[0m  [1m[34mSELECT "schema_migrations"."version" FROM "schema_migrations" ORDER BY "schema_migrations"."version" ASC[0m
  [1m[35m (0.3ms)[0m  [1m[34mSELECT "ar_internal_metadata"."value" FROM "ar_internal_metadata" WHERE "ar_internal_metadata"."key" = ?[0m  [["key", "environment"]]
  [1m[35m (0.1ms)[0m  [1m[34mSELECT "schema_migrations"."version" FROM "schema_migrations" ORDER BY "schema_migrations"."version" ASC[0m
  [1m[35m (0.2ms)[0m  [1m[34mSELECT "ar_internal_metadata"."value" FROM "ar_internal_metadata" WHERE "ar_internal_metadata"."key" = ?[0m  [["key", "environment"]]
  [1m[35m (0.6ms)[0m  [1m[34mSELECT sqlite_version(*)[0m
  [1m[35m (0.2ms)[0m  [1m[34mSELECT sqlite_version(*)[0m
  [1m[35m (0.1ms)[0m  [1m[34mSELECT sqlite_version(*)[0m
  [1m[35m (21.6ms)[0m  [1m[35mCREATE TABLE "schema_migrations" ("version" varchar NOT NULL PRIMARY KEY)[0m
  [1m[35m (251.4ms)[0m  [1m[35mCREATE TABLE "ar_internal_metadata" ("key" varchar NOT NULL PRIMARY KEY, "value" varchar, "created_at" datetime(6) NOT NULL, "updated_at" datetime(6) NOT NULL)[0m
  [1m[35m (0.2ms)[0m  [1m[34mSELECT "schema_migrations"."version" FROM "schema_migrations" ORDER BY "schema_migrations"."version" ASC[0m
Migrating to CreateOwners (20210626134123)
  [1m[36mTRANSACTION (0.1ms)[0m  [1m[36mbegin transaction[0m
  [1m[35m (0.8ms)[0m  [1m[35mCREATE TABLE "owners" ("id" integer PRIMARY KEY AUTOINCREMENT NOT NULL, "uid" varchar, "name" varchar, "email" varchar, "created_at" datetime(6) NOT NULL, "updated_at" datetime(6) NOT NULL)[0m
  [1m[36mActiveRecord::SchemaMigration Create (0.6ms)[0m  [1m[32mINSERT INTO "schema_migrations" ("version") VALUES (?)[0m  [["version", "20210626134123"]]
  [1m[36mTRANSACTION (14.3ms)[0m  [1m[36mcommit transaction[0m
Migrating to CreateClinics (20210626134213)
  [1m[36mTRANSACTION (0.1ms)[0m  [1m[36mbegin transaction[0m
  [1m[35m (0.7ms)[0m  [1m[35mCREATE TABLE "clinics" ("id" integer PRIMARY KEY AUTOINCREMENT NOT NULL, "name" varchar, "addr" varchar, "created_at" datetime(6) NOT NULL, "updated_at" datetime(6) NOT NULL)[0m
  [1m[36mActiveRecord::SchemaMigration Create (0.4ms)[0m  [1m[32mINSERT INTO "schema_migrations" ("version") VALUES (?)[0m  [["version", "20210626134213"]]
  [1m[36mTRANSACTION (16.6ms)[0m  [1m[36mcommit transaction[0m
Migrating to CreatePets (20210626134621)
  [1m[36mTRANSACTION (0.2ms)[0m  [1m[36mbegin transaction[0m
  [1m[35m (1.0ms)[0m  [1m[35mCREATE TABLE "pets" ("id" integer PRIMARY KEY AUTOINCREMENT NOT NULL, "name" varchar, "breed" varchar, "desc" varchar, "owner_id" integer NOT NULL, "clinic_id" integer NOT NULL, "created_at" datetime(6) NOT NULL, "updated_at" datetime(6) NOT NULL, CONSTRAINT "fk_rails_1ff5d16ccb"
FOREIGN KEY ("owner_id")
  REFERENCES "owners" ("id")
, CONSTRAINT "fk_rails_17fce83604"
FOREIGN KEY ("clinic_id")
  REFERENCES "clinics" ("id")
)[0m
  [1m[35m (0.6ms)[0m  [1m[35mCREATE INDEX "index_pets_on_owner_id" ON "pets" ("owner_id")[0m
  [1m[35m (0.4ms)[0m  [1m[35mCREATE INDEX "index_pets_on_clinic_id" ON "pets" ("clinic_id")[0m
  [1m[36mActiveRecord::SchemaMigration Create (0.5ms)[0m  [1m[32mINSERT INTO "schema_migrations" ("version") VALUES (?)[0m  [["version", "20210626134621"]]
  [1m[36mTRANSACTION (30.3ms)[0m  [1m[36mcommit transaction[0m
  [1m[36mActiveRecord::InternalMetadata Load (0.6ms)[0m  [1m[34mSELECT "ar_internal_metadata".* FROM "ar_internal_metadata" WHERE "ar_internal_metadata"."key" = ? LIMIT ?[0m  [["key", "environment"], ["LIMIT", 1]]
  [1m[36mTRANSACTION (0.2ms)[0m  [1m[36mbegin transaction[0m
  [1m[36mActiveRecord::InternalMetadata Create (1.6ms)[0m  [1m[32mINSERT INTO "ar_internal_metadata" ("key", "value", "created_at", "updated_at") VALUES (?, ?, ?, ?)[0m  [["key", "environment"], ["value", "development"], ["created_at", "2021-06-26 14:05:01.725806"], ["updated_at", "2021-06-26 14:05:01.725806"]]
  [1m[36mTRANSACTION (10.2ms)[0m  [1m[36mcommit transaction[0m
  [1m[35m (0.2ms)[0m  [1m[34mSELECT sqlite_version(*)[0m
  [1m[35m (0.2ms)[0m  [1m[34mSELECT "schema_migrations"."version" FROM "schema_migrations" ORDER BY "schema_migrations"."version" ASC[0m
Started GET "/clinics" for ::1 at 2021-06-26 16:05:09 +0200
Processing by ClinicsController#index as HTML
  [1m[35m (0.1ms)[0m  [1m[34mSELECT sqlite_version(*)[0m
  ↳ app/controllers/clinics_controller.rb:9:in `index'
  [1m[36mClinic Load (0.4ms)[0m  [1m[34mSELECT "clinics".* FROM "clinics"[0m
  ↳ app/controllers/clinics_controller.rb:9:in `index'
Completed 200 OK in 26ms (Views: 16.4ms | ActiveRecord: 0.8ms | Allocations: 2726)


  [1m[35m (0.8ms)[0m  [1m[34mSELECT sqlite_version(*)[0m
  [1m[35m (0.4ms)[0m  [1m[34mSELECT "schema_migrations"."version" FROM "schema_migrations" ORDER BY "schema_migrations"."version" ASC[0m
  [1m[35m (0.2ms)[0m  [1m[34mSELECT sqlite_version(*)[0m
  [1m[36mTRANSACTION (0.1ms)[0m  [1m[36mbegin transaction[0m
  [1m[36mClinic Create (0.6ms)[0m  [1m[32mINSERT INTO "clinics" ("name", "addr", "created_at", "updated_at") VALUES (?, ?, ?, ?)[0m  [["name", "Best clinic"], ["addr", "Baker Street"], ["created_at", "2021-06-26 14:05:20.755461"], ["updated_at", "2021-06-26 14:05:20.755461"]]
  [1m[36mTRANSACTION (18.3ms)[0m  [1m[36mcommit transaction[0m
  [1m[36mTRANSACTION (0.1ms)[0m  [1m[36mbegin transaction[0m
  [1m[36mClinic Create (0.6ms)[0m  [1m[32mINSERT INTO "clinics" ("name", "addr", "created_at", "updated_at") VALUES (?, ?, ?, ?)[0m  [["name", "Best clinic2"], ["addr", "Baker Street2"], ["created_at", "2021-06-26 14:05:20.787611"], ["updated_at", "2021-06-26 14:05:20.787611"]]
  [1m[36mTRANSACTION (10.7ms)[0m  [1m[36mcommit transaction[0m
  [1m[36mTRANSACTION (0.1ms)[0m  [1m[36mbegin transaction[0m
  [1m[36mOwner Create (1.4ms)[0m  [1m[32mINSERT INTO "owners" ("uid", "name", "email", "created_at", "updated_at") VALUES (?, ?, ?, ?, ?)[0m  [["uid", "test"], ["name", "owner1"], ["email", "owner1@owner"], ["created_at", "2021-06-26 14:05:20.826850"], ["updated_at", "2021-06-26 14:05:20.826850"]]
  [1m[36mTRANSACTION (33.8ms)[0m  [1m[36mcommit transaction[0m
Started GET "/clinics" for ::1 at 2021-06-26 16:05:22 +0200
Processing by ClinicsController#index as HTML
  [1m[36mClinic Load (9.3ms)[0m  [1m[34mSELECT "clinics".* FROM "clinics"[0m
  ↳ app/controllers/clinics_controller.rb:9:in `index'
Completed 200 OK in 54ms (Views: 40.7ms | ActiveRecord: 12.0ms | Allocations: 3166)


